42824 content http
16004 content tcp
14804 flow http
6891 pcre http
6797 flow tcp
5229 distance http
4067 content tls
3564 pcre tcp
3172 distance tcp
2638 depth tcp
2618 within tcp
2511 fast_pattern http
2254 depth http
2207 content dns
2054 flowbits tcp
1887 within http
1853 distance tls
1780 isdataat dns
1767 content udp
1649 within tls
1514 flowbits http
1339 flow tls
1206 threshold tcp
1111 uricontent tcp
1076 depth dns
1019 byte_test tcp
910 offset tcp
794 byte_jump tcp
749 isdataat http
739 depth udp
738 dsize tcp
639 distance udp
597 urilen http
567 offset udp
511 flowbits ip
427 isdataat tcp
420 threshold ip
415 fast_pattern tcp
413 threshold http
357 isdataat tls
324 byte_test udp
297 within udp
186 threshold udp
169 uricontent http
155 offset http
155 itype icmp
140 content ftp
121 content smb
117 pcre tls
116 byte_jump udp
109 dsize udp
108 icode icmp
102 pcre udp
99 flow ftp
99 content ip
98 byte_test http
95 flags tcp
92 content smtp
70 stream_size tcp
69 distance smb
65 distance dns
64 content icmp
61 tls.fingerprint tls
58 byte_jump http
53 flow smtp
53 fast_pattern tls
43 fast_pattern udp
42 within smb
41 threshold dns
37 flow smb
36 pcre dns
35 depth smb
34 pcre ftp
31 isdataat udp
30 depth icmp
30 byte_test tls
30 byte_extract tcp
23 distance smtp
23 distance ftp
22 pcre ip
22 dsize icmp
21 depth ftp
20 fast_pattern ftp
20 depth tls
19 pcre smtp
19 isdataat ftp
19 ip_proto ip
17 window tcp
17 byte_extract tls
16 icmp_id icmp
16 flow udp
15 threshold tls
15 byte_extract http
14 offset smb
14 ack tcp
13 fragbits tcp
11 flowbits udp
10 within ftp
10 isdataat smb
9 within smtp
9 content ssh
9 byte_test ip
9 asn1 tcp
8 flow ssh
8 flowbits smb
8 depth ip
7 byte_test icmp
6 within dns
6 threshold ssh
6 threshold smb
6 threshold icmp
6 tag tcp
6 icmp_seq icmp
6 flowbits tls
6 flowbits ftp
5 dsize ip
4 within ip
4 urilen tcp
4 ssl_version tcp
4 id tcp
4 fast_pattern smtp
4 fast_pattern ip
4 dsize tls
4 detection_filter http
4 depth smtp
4 byte_extract udp
3 threshold smtp
3 fragbits ip
3 fast_pattern smb
3 dsize ftp
2 within icmp
2 ssl_state tcp
2 ssh.softwareversion ssh
2 seq tcp
2 pcre ssh
2 pcre smb
2 pcre icmp
2 offset tls
2 offset dns
2 ipopts icmp
2 id icmp
2 flowbits smtp
2 distance ip
2 distance icmp
2 byte_jump tls
2 byte_jump smb
1 within ssh
1 ttl tcp
1 ttl ip
1 ttl icmp
1 ssl_state tls
1 offset ssh
1 offset icmp
1 ipopts ip
1 id udp
1 id http
1 fragoffset tcp
1 fragbits udp
1 flow dns
1 flags http
1 dsize http
1 distance ssh
1 dce_iface tcp
1 asn1 udp
1 app-layer-protocol tcp
0 xbits udp
0 xbits tls
0 xbits tftp
0 xbits tcp
0 xbits ssh
0 xbits smtp
0 xbits smb
0 xbits pkthdr
0 xbits ntp
0 xbits nfs
0 xbits msn
0 xbits modbus
0 xbits krb5
0 xbits ipv6
0 xbits ip
0 xbits imap
0 xbits ikev2
0 xbits icmp
0 xbits http
0 xbits ftp-data
0 xbits ftp
0 xbits enip
0 xbits dns
0 xbits dnp3
0 xbits dhcp
0 xbits dcerpc
0 within tftp
0 within pkthdr
0 within ntp
0 within nfs
0 within msn
0 within modbus
0 within krb5
0 within ipv6
0 within imap
0 within ikev2
0 within ftp-data
0 within enip
0 within dnp3
0 within dhcp
0 within dcerpc
0 window udp
0 window tls
0 window tftp
0 window ssh
0 window smtp
0 window smb
0 window pkthdr
0 window ntp
0 window nfs
0 window msn
0 window modbus
0 window krb5
0 window ipv6
0 window ip
0 window imap
0 window ikev2
0 window icmp
0 window http
0 window ftp-data
0 window ftp
0 window enip
0 window dns
0 window dnp3
0 window dhcp
0 window dcerpc
0 urilen udp
0 urilen tls
0 urilen tftp
0 urilen ssh
0 urilen smtp
0 urilen smb
0 urilen pkthdr
0 urilen ntp
0 urilen nfs
0 urilen msn
0 urilen modbus
0 urilen krb5
0 urilen ipv6
0 urilen ip
0 urilen imap
0 urilen ikev2
0 urilen icmp
0 urilen ftp-data
0 urilen ftp
0 urilen enip
0 urilen dns
0 urilen dnp3
0 urilen dhcp
0 urilen dcerpc
0 uricontent udp
0 uricontent tls
0 uricontent tftp
0 uricontent ssh
0 uricontent smtp
0 uricontent smb
0 uricontent pkthdr
0 uricontent ntp
0 uricontent nfs
0 uricontent msn
0 uricontent modbus
0 uricontent krb5
0 uricontent ipv6
0 uricontent ip
0 uricontent imap
0 uricontent ikev2
0 uricontent icmp
0 uricontent ftp-data
0 uricontent ftp
0 uricontent enip
0 uricontent dns
0 uricontent dnp3
0 uricontent dhcp
0 uricontent dcerpc
0 udpv6-csum udp
0 udpv6-csum tls
0 udpv6-csum tftp
0 udpv6-csum tcp
0 udpv6-csum ssh
0 udpv6-csum smtp
0 udpv6-csum smb
0 udpv6-csum pkthdr
0 udpv6-csum ntp
0 udpv6-csum nfs
0 udpv6-csum msn
0 udpv6-csum modbus
0 udpv6-csum krb5
0 udpv6-csum ipv6
0 udpv6-csum ip
0 udpv6-csum imap
0 udpv6-csum ikev2
0 udpv6-csum icmp
0 udpv6-csum http
0 udpv6-csum ftp-data
0 udpv6-csum ftp
0 udpv6-csum enip
0 udpv6-csum dns
0 udpv6-csum dnp3
0 udpv6-csum dhcp
0 udpv6-csum dcerpc
0 udpv4-csum udp
0 udpv4-csum tls
0 udpv4-csum tftp
0 udpv4-csum tcp
0 udpv4-csum ssh
0 udpv4-csum smtp
0 udpv4-csum smb
0 udpv4-csum pkthdr
0 udpv4-csum ntp
0 udpv4-csum nfs
0 udpv4-csum msn
0 udpv4-csum modbus
0 udpv4-csum krb5
0 udpv4-csum ipv6
0 udpv4-csum ip
0 udpv4-csum imap
0 udpv4-csum ikev2
0 udpv4-csum icmp
0 udpv4-csum http
0 udpv4-csum ftp-data
0 udpv4-csum ftp
0 udpv4-csum enip
0 udpv4-csum dns
0 udpv4-csum dnp3
0 udpv4-csum dhcp
0 udpv4-csum dcerpc
0 ttl udp
0 ttl tls
0 ttl tftp
0 ttl ssh
0 ttl smtp
0 ttl smb
0 ttl pkthdr
0 ttl ntp
0 ttl nfs
0 ttl msn
0 ttl modbus
0 ttl krb5
0 ttl ipv6
0 ttl imap
0 ttl ikev2
0 ttl http
0 ttl ftp-data
0 ttl ftp
0 ttl enip
0 ttl dns
0 ttl dnp3
0 ttl dhcp
0 ttl dcerpc
0 tos udp
0 tos tls
0 tos tftp
0 tos tcp
0 tos ssh
0 tos smtp
0 tos smb
0 tos pkthdr
0 tos ntp
0 tos nfs
0 tos msn
0 tos modbus
0 tos krb5
0 tos ipv6
0 tos ip
0 tos imap
0 tos ikev2
0 tos icmp
0 tos http
0 to_sha256 udp
0 to_sha256 tls
0 to_sha256 tftp
0 to_sha256 tcp
0 to_sha256 ssh
0 to_sha256 smtp
0 to_sha256 smb
0 to_sha256 pkthdr
0 to_sha256 ntp
0 to_sha256 nfs
0 to_sha256 msn
0 to_sha256 modbus
0 to_sha256 krb5
0 to_sha256 ipv6
0 to_sha256 ip
0 to_sha256 imap
0 to_sha256 ikev2
0 to_sha256 icmp
0 to_sha256 http
0 to_sha256 ftp-data
0 to_sha256 ftp
0 to_sha256 enip
0 to_sha256 dns
0 to_sha256 dnp3
0 to_sha256 dhcp
0 to_sha256 dcerpc
0 tos ftp-data
0 tos ftp
0 tos enip
0 tos dns
0 tos dnp3
0 tos dhcp
0 tos dcerpc
0 tls.version udp
0 tls.version tls
0 tls.version tftp
0 tls.version tcp
0 tls.version ssh
0 tls.version smtp
0 tls.version smb
0 tls.version pkthdr
0 tls.version ntp
0 tls.version nfs
0 tls.version msn
0 tls.version modbus
0 tls.version krb5
0 tls.version ipv6
0 tls.version ip
0 tls.version imap
0 tls.version ikev2
0 tls.version icmp
0 tls.version http
0 tls.version ftp-data
0 tls.version ftp
0 tls.version enip
0 tls.version dns
0 tls.version dnp3
0 tls.version dhcp
0 tls.version dcerpc
0 tls.subject udp
0 tls.subject tls
0 tls.subject tftp
0 tls.subject tcp
0 tls.subject ssh
0 tls.subject smtp
0 tls.subject smb
0 tls.subject pkthdr
0 tls.subject ntp
0 tls.subject nfs
0 tls.subject msn
0 tls.subject modbus
0 tls.subject krb5
0 tls.subject ipv6
0 tls.subject ip
0 tls.subject imap
0 tls.subject ikev2
0 tls.subject icmp
0 tls.subject http
0 tls.subject ftp-data
0 tls.subject ftp
0 tls.subject enip
0 tls.subject dns
0 tls.subject dnp3
0 tls.subject dhcp
0 tls.subject dcerpc
0 tls_store udp
0 tls_store tls
0 tls_store tftp
0 tls_store tcp
0 tls_store ssh
0 tls_store smtp
0 tls_store smb
0 tls_store pkthdr
0 tls_store ntp
0 tls_store nfs
0 tls_store msn
0 tls_store modbus
0 tls_store krb5
0 tls_store ipv6
0 tls_store ip
0 tls_store imap
0 tls_store ikev2
0 tls_store icmp
0 tls_store http
0 tls_store ftp-data
0 tls_store ftp
0 tls_store enip
0 tls_store dns
0 tls_store dnp3
0 tls_store dhcp
0 tls_store dcerpc
0 tls_sni udp
0 tls_sni tls
0 tls_sni tftp
0 tls_sni tcp
0 tls_sni ssh
0 tls_sni smtp
0 tls_sni smb
0 tls_sni pkthdr
0 tls_sni ntp
0 tls_sni nfs
0 tls_sni msn
0 tls_sni modbus
0 tls_sni krb5
0 tls_sni ipv6
0 tls_sni ip
0 tls_sni imap
0 tls_sni ikev2
0 tls_sni icmp
0 tls_sni http
0 tls_sni ftp-data
0 tls_sni ftp
0 tls_sni enip
0 tls_sni dns
0 tls_sni dnp3
0 tls_sni dhcp
0 tls_sni dcerpc
0 tls.issuerdn udp
0 tls.issuerdn tls
0 tls.issuerdn tftp
0 tls.issuerdn tcp
0 tls.issuerdn ssh
0 tls.issuerdn smtp
0 tls.issuerdn smb
0 tls.issuerdn pkthdr
0 tls.issuerdn ntp
0 tls.issuerdn nfs
0 tls.issuerdn msn
0 tls.issuerdn modbus
0 tls.issuerdn krb5
0 tls.issuerdn ipv6
0 tls.issuerdn ip
0 tls.issuerdn imap
0 tls.issuerdn ikev2
0 tls.issuerdn icmp
0 tls.issuerdn http
0 tls.issuerdn ftp-data
0 tls.issuerdn ftp
0 tls.issuerdn enip
0 tls.issuerdn dns
0 tls.issuerdn dnp3
0 tls.issuerdn dhcp
0 tls.issuerdn dcerpc
0 tls.fingerprint udp
0 tls.fingerprint tftp
0 tls.fingerprint tcp
0 tls.fingerprint ssh
0 tls.fingerprint smtp
0 tls.fingerprint smb
0 tls.fingerprint pkthdr
0 tls.fingerprint ntp
0 tls.fingerprint nfs
0 tls.fingerprint msn
0 tls.fingerprint modbus
0 tls.fingerprint krb5
0 tls.fingerprint ipv6
0 tls.fingerprint ip
0 tls.fingerprint imap
0 tls.fingerprint ikev2
0 tls.fingerprint icmp
0 tls.fingerprint http
0 tls.fingerprint ftp-data
0 tls.fingerprint ftp
0 tls.fingerprint enip
0 tls.fingerprint dns
0 tls.fingerprint dnp3
0 tls.fingerprint dhcp
0 tls.fingerprint dcerpc
0 tls_cert_valid udp
0 tls_cert_valid tls
0 tls_cert_valid tftp
0 tls_cert_valid tcp
0 tls_cert_valid ssh
0 tls_cert_valid smtp
0 tls_cert_valid smb
0 tls_cert_valid pkthdr
0 tls_cert_valid ntp
0 tls_cert_valid nfs
0 tls_cert_valid msn
0 tls_cert_valid modbus
0 tls_cert_valid krb5
0 tls_cert_valid ipv6
0 tls_cert_valid ip
0 tls_cert_valid imap
0 tls_cert_valid ikev2
0 tls_cert_valid icmp
0 tls_cert_valid http
0 tls_cert_valid ftp-data
0 tls_cert_valid ftp
0 tls_cert_valid enip
0 tls_cert_valid dns
0 tls_cert_valid dnp3
0 tls_cert_valid dhcp
0 tls_cert_valid dcerpc
0 tls_cert_subject udp
0 tls_cert_subject tls
0 tls_cert_subject tftp
0 tls_cert_subject tcp
0 tls_cert_subject ssh
0 tls_cert_subject smtp
0 tls_cert_subject smb
0 tls_cert_subject pkthdr
0 tls_cert_subject ntp
0 tls_cert_subject nfs
0 tls_cert_subject msn
0 tls_cert_subject modbus
0 tls_cert_subject krb5
0 tls_cert_subject ipv6
0 tls_cert_subject ip
0 tls_cert_subject imap
0 tls_cert_subject ikev2
0 tls_cert_subject icmp
0 tls_cert_subject http
0 tls_cert_subject ftp-data
0 tls_cert_subject ftp
0 tls_cert_subject enip
0 tls_cert_subject dns
0 tls_cert_subject dnp3
0 tls_cert_subject dhcp
0 tls_cert_subject dcerpc
0 tls_cert_serial udp
0 tls_cert_serial tls
0 tls_cert_serial tftp
0 tls_cert_serial tcp
0 tls_cert_serial ssh
0 tls_cert_serial smtp
0 tls_cert_serial smb
0 tls_cert_serial pkthdr
0 tls_cert_serial ntp
0 tls_cert_serial nfs
0 tls_cert_serial msn
0 tls_cert_serial modbus
0 tls_cert_serial krb5
0 tls_cert_serial ipv6
0 tls_cert_serial ip
0 tls_cert_serial imap
0 tls_cert_serial ikev2
0 tls_cert_serial icmp
0 tls_cert_serial http
0 tls_cert_serial ftp-data
0 tls_cert_serial ftp
0 tls_cert_serial enip
0 tls_cert_serial dns
0 tls_cert_serial dnp3
0 tls_cert_serial dhcp
0 tls_cert_serial dcerpc
0 tls_cert_notbefore udp
0 tls_cert_notbefore tls
0 tls_cert_notbefore tftp
0 tls_cert_notbefore tcp
0 tls_cert_notbefore ssh
0 tls_cert_notbefore smtp
0 tls_cert_notbefore smb
0 tls_cert_notbefore pkthdr
0 tls_cert_notbefore ntp
0 tls_cert_notbefore nfs
0 tls_cert_notbefore msn
0 tls_cert_notbefore modbus
0 tls_cert_notbefore krb5
0 tls_cert_notbefore ipv6
0 tls_cert_notbefore ip
0 tls_cert_notbefore imap
0 tls_cert_notbefore ikev2
0 tls_cert_notbefore icmp
0 tls_cert_notbefore http
0 tls_cert_notbefore ftp-data
0 tls_cert_notbefore ftp
0 tls_cert_notbefore enip
0 tls_cert_notbefore dns
0 tls_cert_notbefore dnp3
0 tls_cert_notbefore dhcp
0 tls_cert_notbefore dcerpc
0 tls_cert_notafter udp
0 tls_cert_notafter tls
0 tls_cert_notafter tftp
0 tls_cert_notafter tcp
0 tls_cert_notafter ssh
0 tls_cert_notafter smtp
0 tls_cert_notafter smb
0 tls_cert_notafter pkthdr
0 tls_cert_notafter ntp
0 tls_cert_notafter nfs
0 tls_cert_notafter msn
0 tls_cert_notafter modbus
0 tls_cert_notafter krb5
0 tls_cert_notafter ipv6
0 tls_cert_notafter ip
0 tls_cert_notafter imap
0 tls_cert_notafter ikev2
0 tls_cert_notafter icmp
0 tls_cert_notafter http
0 tls_cert_notafter ftp-data
0 tls_cert_notafter ftp
0 tls_cert_notafter enip
0 tls_cert_notafter dns
0 tls_cert_notafter dnp3
0 tls_cert_notafter dhcp
0 tls_cert_notafter dcerpc
0 tls_cert_issuer udp
0 tls_cert_issuer tls
0 tls_cert_issuer tftp
0 tls_cert_issuer tcp
0 tls_cert_issuer ssh
0 tls_cert_issuer smtp
0 tls_cert_issuer smb
0 tls_cert_issuer pkthdr
0 tls_cert_issuer ntp
0 tls_cert_issuer nfs
0 tls_cert_issuer msn
0 tls_cert_issuer modbus
0 tls_cert_issuer krb5
0 tls_cert_issuer ipv6
0 tls_cert_issuer ip
0 tls_cert_issuer imap
0 tls_cert_issuer ikev2
0 tls_cert_issuer icmp
0 tls_cert_issuer http
0 tls_cert_issuer ftp-data
0 tls_cert_issuer ftp
0 tls_cert_issuer enip
0 tls_cert_issuer dns
0 tls_cert_issuer dnp3
0 tls_cert_issuer dhcp
0 tls_cert_issuer dcerpc
0 tls_cert_fingerprint udp
0 tls_cert_fingerprint tls
0 tls_cert_fingerprint tftp
0 tls_cert_fingerprint tcp
0 tls_cert_fingerprint ssh
0 tls_cert_fingerprint smtp
0 tls_cert_fingerprint smb
0 tls_cert_fingerprint pkthdr
0 tls_cert_fingerprint ntp
0 tls_cert_fingerprint nfs
0 tls_cert_fingerprint msn
0 tls_cert_fingerprint modbus
0 tls_cert_fingerprint krb5
0 tls_cert_fingerprint ipv6
0 tls_cert_fingerprint ip
0 tls_cert_fingerprint imap
0 tls_cert_fingerprint ikev2
0 tls_cert_fingerprint icmp
0 tls_cert_fingerprint http
0 tls_cert_fingerprint ftp-data
0 tls_cert_fingerprint ftp
0 tls_cert_fingerprint enip
0 tls_cert_fingerprint dns
0 tls_cert_fingerprint dnp3
0 tls_cert_fingerprint dhcp
0 tls_cert_fingerprint dcerpc
0 tls_cert_expired udp
0 tls_cert_expired tls
0 tls_cert_expired tftp
0 tls_cert_expired tcp
0 tls_cert_expired ssh
0 tls_cert_expired smtp
0 tls_cert_expired smb
0 tls_cert_expired pkthdr
0 tls_cert_expired ntp
0 tls_cert_expired nfs
0 tls_cert_expired msn
0 tls_cert_expired modbus
0 tls_cert_expired krb5
0 tls_cert_expired ipv6
0 tls_cert_expired ip
0 tls_cert_expired imap
0 tls_cert_expired ikev2
0 tls_cert_expired icmp
0 tls_cert_expired http
0 tls_cert_expired ftp-data
0 tls_cert_expired ftp
0 tls_cert_expired enip
0 tls_cert_expired dns
0 tls_cert_expired dnp3
0 tls_cert_expired dhcp
0 tls_cert_expired dcerpc
0 threshold tftp
0 threshold pkthdr
0 threshold ntp
0 threshold nfs
0 threshold msn
0 threshold modbus
0 threshold krb5
0 threshold ipv6
0 threshold imap
0 threshold ikev2
0 threshold ftp-data
0 threshold ftp
0 threshold enip
0 threshold dnp3
0 threshold dhcp
0 threshold dcerpc
0 template2 udp
0 template2 tls
0 template2 tftp
0 template2 tcp
0 template2 ssh
0 template2 smtp
0 template2 smb
0 template2 pkthdr
0 template2 ntp
0 template2 nfs
0 template2 msn
0 template2 modbus
0 template2 krb5
0 template2 ipv6
0 template2 ip
0 template2 imap
0 template2 ikev2
0 template2 icmp
0 template2 http
0 template2 ftp-data
0 template2 ftp
0 template2 enip
0 template2 dns
0 template2 dnp3
0 template2 dhcp
0 template2 dcerpc
0 tcpv6-csum udp
0 tcpv6-csum tls
0 tcpv6-csum tftp
0 tcpv6-csum tcp
0 tcpv6-csum ssh
0 tcpv6-csum smtp
0 tcpv6-csum smb
0 tcpv6-csum pkthdr
0 tcpv6-csum ntp
0 tcpv6-csum nfs
0 tcpv6-csum msn
0 tcpv6-csum modbus
0 tcpv6-csum krb5
0 tcpv6-csum ipv6
0 tcpv6-csum ip
0 tcpv6-csum imap
0 tcpv6-csum ikev2
0 tcpv6-csum icmp
0 tcpv6-csum http
0 tcpv6-csum ftp-data
0 tcpv6-csum ftp
0 tcpv6-csum enip
0 tcpv6-csum dns
0 tcpv6-csum dnp3
0 tcpv6-csum dhcp
0 tcpv6-csum dcerpc
0 tcpv4-csum udp
0 tcpv4-csum tls
0 tcpv4-csum tftp
0 tcpv4-csum tcp
0 tcpv4-csum ssh
0 tcpv4-csum smtp
0 tcpv4-csum smb
0 tcpv4-csum pkthdr
0 tcpv4-csum ntp
0 tcpv4-csum nfs
0 tcpv4-csum msn
0 tcpv4-csum modbus
0 tcpv4-csum krb5
0 tcpv4-csum ipv6
0 tcpv4-csum ip
0 tcpv4-csum imap
0 tcpv4-csum ikev2
0 tcpv4-csum icmp
0 tcpv4-csum http
0 tcpv4-csum ftp-data
0 tcpv4-csum ftp
0 tcpv4-csum enip
0 tcpv4-csum dns
0 tcpv4-csum dnp3
0 tcpv4-csum dhcp
0 tcpv4-csum dcerpc
0 tag udp
0 tag tls
0 tag tftp
0 tag ssh
0 tag smtp
0 tag smb
0 tag pkthdr
0 tag ntp
0 tag nfs
0 tag msn
0 tag modbus
0 tag krb5
0 tag ipv6
0 tag ip
0 tag imap
0 tag ikev2
0 tag icmp
0 tag http
0 tag ftp-data
0 tag ftp
0 tag enip
0 tag dns
0 tag dnp3
0 tag dhcp
0 tag dcerpc
0 strip_whitespace udp
0 strip_whitespace tls
0 strip_whitespace tftp
0 strip_whitespace tcp
0 strip_whitespace ssh
0 strip_whitespace smtp
0 strip_whitespace smb
0 strip_whitespace pkthdr
0 strip_whitespace ntp
0 strip_whitespace nfs
0 strip_whitespace msn
0 strip_whitespace modbus
0 strip_whitespace krb5
0 strip_whitespace ipv6
0 strip_whitespace ip
0 strip_whitespace imap
0 strip_whitespace ikev2
0 strip_whitespace icmp
0 strip_whitespace http
0 strip_whitespace ftp-data
0 strip_whitespace ftp
0 strip_whitespace enip
0 strip_whitespace dns
0 strip_whitespace dnp3
0 strip_whitespace dhcp
0 strip_whitespace dcerpc
0 stream_size udp
0 stream_size tls
0 stream_size tftp
0 stream_size ssh
0 stream_size smtp
0 stream_size smb
0 stream_size pkthdr
0 stream_size ntp
0 stream_size nfs
0 stream_size msn
0 stream_size modbus
0 stream_size krb5
0 stream_size ipv6
0 stream_size ip
0 stream_size imap
0 stream_size ikev2
0 stream_size icmp
0 stream_size http
0 stream_size ftp-data
0 stream_size ftp
0 stream_size enip
0 stream_size dns
0 stream_size dnp3
0 stream_size dhcp
0 stream_size dcerpc
0 stream-event udp
0 stream-event tls
0 stream-event tftp
0 stream-event tcp
0 stream-event ssh
0 stream-event smtp
0 stream-event smb
0 stream-event pkthdr
0 stream-event ntp
0 stream-event nfs
0 stream-event msn
0 stream-event modbus
0 stream-event krb5
0 stream-event ipv6
0 stream-event ip
0 stream-event imap
0 stream-event ikev2
0 stream-event icmp
0 stream-event http
0 stream-event ftp-data
0 stream-event ftp
0 stream-event enip
0 stream-event dns
0 stream-event dnp3
0 stream-event dhcp
0 stream-event dcerpc
0 startswith udp
0 startswith tls
0 startswith tftp
0 startswith tcp
0 startswith ssh
0 startswith smtp
0 startswith smb
0 startswith pkthdr
0 startswith ntp
0 startswith nfs
0 startswith msn
0 startswith modbus
0 startswith krb5
0 startswith ipv6
0 startswith ip
0 startswith imap
0 startswith ikev2
0 startswith icmp
0 startswith http
0 startswith ftp-data
0 startswith ftp
0 startswith enip
0 startswith dns
0 startswith dnp3
0 startswith dhcp
0 startswith dcerpc
0 ssl_version udp
0 ssl_version tls
0 ssl_version tftp
0 ssl_version ssh
0 ssl_version smtp
0 ssl_version smb
0 ssl_version pkthdr
0 ssl_version ntp
0 ssl_version nfs
0 ssl_version msn
0 ssl_version modbus
0 ssl_version krb5
0 ssl_version ipv6
0 ssl_version ip
0 ssl_version imap
0 ssl_version ikev2
0 ssl_version icmp
0 ssl_version http
0 ssl_version ftp-data
0 ssl_version ftp
0 ssl_version enip
0 ssl_version dns
0 ssl_version dnp3
0 ssl_version dhcp
0 ssl_version dcerpc
0 ssl_state udp
0 ssl_state tftp
0 ssl_state ssh
0 ssl_state smtp
0 ssl_state smb
0 ssl_state pkthdr
0 ssl_state ntp
0 ssl_state nfs
0 ssl_state msn
0 ssl_state modbus
0 ssl_state krb5
0 ssl_state ipv6
0 ssl_state ip
0 ssl_state imap
0 ssl_state ikev2
0 ssl_state icmp
0 ssl_state http
0 ssl_state ftp-data
0 ssl_state ftp
0 ssl_state enip
0 ssl_state dns
0 ssl_state dnp3
0 ssl_state dhcp
0 ssl_state dcerpc
0 ssh.softwareversion udp
0 ssh.softwareversion tls
0 ssh.softwareversion tftp
0 ssh.softwareversion tcp
0 ssh.softwareversion smtp
0 ssh.softwareversion smb
0 ssh.softwareversion pkthdr
0 ssh.softwareversion ntp
0 ssh.softwareversion nfs
0 ssh.softwareversion msn
0 ssh.softwareversion modbus
0 ssh.softwareversion krb5
0 ssh.softwareversion ipv6
0 ssh.softwareversion ip
0 ssh.softwareversion imap
0 ssh.softwareversion ikev2
0 ssh.softwareversion icmp
0 ssh.softwareversion http
0 ssh.softwareversion ftp-data
0 ssh.softwareversion ftp
0 ssh.softwareversion enip
0 ssh.softwareversion dns
0 ssh.softwareversion dnp3
0 ssh.softwareversion dhcp
0 ssh.softwareversion dcerpc
0 ssh_software udp
0 ssh_software tls
0 ssh_software tftp
0 ssh_software tcp
0 ssh_software ssh
0 ssh_software smtp
0 ssh_software smb
0 ssh_software pkthdr
0 ssh_software ntp
0 ssh_software nfs
0 ssh_software msn
0 ssh_software modbus
0 ssh_software krb5
0 ssh_software ipv6
0 ssh_software ip
0 ssh_software imap
0 ssh_software ikev2
0 ssh_software icmp
0 ssh_software http
0 ssh_software ftp-data
0 ssh_software ftp
0 ssh_software enip
0 ssh_software dns
0 ssh_software dnp3
0 ssh_software dhcp
0 ssh_software dcerpc
0 ssh.protoversion udp
0 ssh.protoversion tls
0 ssh.protoversion tftp
0 ssh.protoversion tcp
0 ssh.protoversion ssh
0 ssh.protoversion smtp
0 ssh.protoversion smb
0 ssh.protoversion pkthdr
0 ssh.protoversion ntp
0 ssh.protoversion nfs
0 ssh.protoversion msn
0 ssh.protoversion modbus
0 ssh.protoversion krb5
0 ssh.protoversion ipv6
0 ssh.protoversion ip
0 ssh.protoversion imap
0 ssh.protoversion ikev2
0 ssh.protoversion icmp
0 ssh.protoversion http
0 ssh.protoversion ftp-data
0 ssh.protoversion ftp
0 ssh.protoversion enip
0 ssh.protoversion dns
0 ssh.protoversion dnp3
0 ssh.protoversion dhcp
0 ssh.protoversion dcerpc
0 ssh_proto udp
0 ssh_proto tls
0 ssh_proto tftp
0 ssh_proto tcp
0 ssh_proto ssh
0 ssh_proto smtp
0 ssh_proto smb
0 ssh_proto pkthdr
0 ssh_proto ntp
0 ssh_proto nfs
0 ssh_proto msn
0 ssh_proto modbus
0 ssh_proto krb5
0 ssh_proto ipv6
0 ssh_proto ip
0 ssh_proto imap
0 ssh_proto ikev2
0 ssh_proto icmp
0 ssh_proto http
0 ssh_proto ftp-data
0 ssh_proto ftp
0 ssh_proto enip
0 ssh_proto dns
0 ssh_proto dnp3
0 ssh_proto dhcp
0 ssh_proto dcerpc
0 smb_share udp
0 smb_share tls
0 smb_share tftp
0 smb_share tcp
0 smb_share ssh
0 smb_share smtp
0 smb_share smb
0 smb_share pkthdr
0 smb_share ntp
0 smb_share nfs
0 smb_share msn
0 smb_share modbus
0 smb_share krb5
0 smb_share ipv6
0 smb_share ip
0 smb_share imap
0 smb_share ikev2
0 smb_share icmp
0 smb_share http
0 smb_share ftp-data
0 smb_share ftp
0 smb_share enip
0 smb_share dns
0 smb_share dnp3
0 smb_share dhcp
0 smb_share dcerpc
0 smb_named_pipe udp
0 smb_named_pipe tls
0 smb_named_pipe tftp
0 smb_named_pipe tcp
0 smb_named_pipe ssh
0 smb_named_pipe smtp
0 smb_named_pipe smb
0 smb_named_pipe pkthdr
0 smb_named_pipe ntp
0 smb_named_pipe nfs
0 smb_named_pipe msn
0 smb_named_pipe modbus
0 smb_named_pipe krb5
0 smb_named_pipe ipv6
0 smb_named_pipe ip
0 smb_named_pipe imap
0 smb_named_pipe ikev2
0 smb_named_pipe icmp
0 smb_named_pipe http
0 smb_named_pipe ftp-data
0 smb_named_pipe ftp
0 smb_named_pipe enip
0 smb_named_pipe dns
0 smb_named_pipe dnp3
0 smb_named_pipe dhcp
0 smb_named_pipe dcerpc
0 seq udp
0 seq tls
0 seq tftp
0 seq ssh
0 seq smtp
0 seq smb
0 seq pkthdr
0 seq ntp
0 seq nfs
0 seq msn
0 seq modbus
0 seq krb5
0 seq ipv6
0 seq ip
0 seq imap
0 seq ikev2
0 seq icmp
0 seq http
0 seq ftp-data
0 seq ftp
0 seq enip
0 seq dns
0 seq dnp3
0 seq dhcp
0 seq dcerpc
0 sameip udp
0 sameip tls
0 sameip tftp
0 sameip tcp
0 sameip ssh
0 sameip smtp
0 sameip smb
0 sameip pkthdr
0 sameip ntp
0 sameip nfs
0 sameip msn
0 sameip modbus
0 sameip krb5
0 sameip ipv6
0 sameip ip
0 sameip imap
0 sameip ikev2
0 sameip icmp
0 sameip http
0 sameip ftp-data
0 sameip ftp
0 sameip enip
0 sameip dns
0 sameip dnp3
0 sameip dhcp
0 sameip dcerpc
0 rpc udp
0 rpc tls
0 rpc tftp
0 rpc tcp
0 rpc ssh
0 rpc smtp
0 rpc smb
0 rpc pkthdr
0 rpc ntp
0 rpc nfs
0 rpc msn
0 rpc modbus
0 rpc krb5
0 rpc ipv6
0 rpc ip
0 rpc imap
0 rpc ikev2
0 rpc icmp
0 rpc http
0 rpc ftp-data
0 rpc ftp
0 rpc enip
0 rpc dns
0 rpc dnp3
0 rpc dhcp
0 rpc dcerpc
0 replace udp
0 replace tls
0 replace tftp
0 replace tcp
0 replace ssh
0 replace smtp
0 replace smb
0 replace pkthdr
0 replace ntp
0 replace nfs
0 replace msn
0 replace modbus
0 replace krb5
0 replace ipv6
0 replace ip
0 replace imap
0 replace ikev2
0 replace icmp
0 replace http
0 replace ftp-data
0 replace ftp
0 replace enip
0 replace dns
0 replace dnp3
0 replace dhcp
0 replace dcerpc
0 rawbytes udp
0 rawbytes tls
0 rawbytes tftp
0 rawbytes tcp
0 rawbytes ssh
0 rawbytes smtp
0 rawbytes smb
0 rawbytes pkthdr
0 rawbytes ntp
0 rawbytes nfs
0 rawbytes msn
0 rawbytes modbus
0 rawbytes krb5
0 rawbytes ipv6
0 rawbytes ip
0 rawbytes imap
0 rawbytes ikev2
0 rawbytes icmp
0 rawbytes http
0 rawbytes ftp-data
0 rawbytes ftp
0 rawbytes enip
0 rawbytes dns
0 rawbytes dnp3
0 rawbytes dhcp
0 rawbytes dcerpc
0 prefilter udp
0 prefilter tls
0 prefilter tftp
0 prefilter tcp
0 prefilter ssh
0 prefilter smtp
0 prefilter smb
0 prefilter pkthdr
0 prefilter ntp
0 prefilter nfs
0 prefilter msn
0 prefilter modbus
0 prefilter krb5
0 prefilter ipv6
0 prefilter ip
0 prefilter imap
0 prefilter ikev2
0 prefilter icmp
0 prefilter http
0 prefilter ftp-data
0 prefilter ftp
0 prefilter enip
0 prefilter dns
0 prefilter dnp3
0 prefilter dhcp
0 prefilter dcerpc
0 pktvar udp
0 pktvar tls
0 pktvar tftp
0 pktvar tcp
0 pktvar ssh
0 pktvar smtp
0 pktvar smb
0 pktvar pkthdr
0 pktvar ntp
0 pktvar nfs
0 pktvar msn
0 pktvar modbus
0 pktvar krb5
0 pktvar ipv6
0 pktvar ip
0 pktvar imap
0 pktvar ikev2
0 pktvar icmp
0 pktvar http
0 pktvar ftp-data
0 pktvar ftp
0 pktvar enip
0 pktvar dns
0 pktvar dnp3
0 pktvar dhcp
0 pktvar dcerpc
0 pkt_data udp
0 pkt_data tls
0 pkt_data tftp
0 pkt_data tcp
0 pkt_data ssh
0 pkt_data smtp
0 pkt_data smb
0 pkt_data pkthdr
0 pkt_data ntp
0 pkt_data nfs
0 pkt_data msn
0 pkt_data modbus
0 pkt_data krb5
0 pkt_data ipv6
0 pkt_data ip
0 pkt_data imap
0 pkt_data ikev2
0 pkt_data icmp
0 pkt_data http
0 pkt_data ftp-data
0 pkt_data ftp
0 pkt_data enip
0 pkt_data dns
0 pkt_data dnp3
0 pkt_data dhcp
0 pkt_data dcerpc
0 pcre tftp
0 pcre pkthdr
0 pcre ntp
0 pcre nfs
0 pcre msn
0 pcre modbus
0 pcre krb5
0 pcre ipv6
0 pcre imap
0 pcre ikev2
0 pcre ftp-data
0 pcre enip
0 pcre dnp3
0 pcre dhcp
0 pcre dcerpc
0 offset tftp
0 offset smtp
0 offset pkthdr
0 offset ntp
0 offset nfs
0 offset msn
0 offset modbus
0 offset krb5
0 offset ipv6
0 offset ip
0 offset imap
0 offset ikev2
0 offset ftp-data
0 offset ftp
0 offset enip
0 offset dnp3
0 offset dhcp
0 offset dcerpc
0 nocase udp
0 nocase tls
0 nocase tftp
0 nocase tcp
0 nocase ssh
0 nocase smtp
0 nocase smb
0 nocase pkthdr
0 nocase ntp
0 nocase nfs
0 nocase msn
0 nocase modbus
0 nocase krb5
0 nocase ipv6
0 nocase ip
0 nocase imap
0 nocase ikev2
0 nocase icmp
0 nocase http
0 nocase ftp-data
0 nocase ftp
0 nocase enip
0 nocase dns
0 nocase dnp3
0 nocase dhcp
0 nocase dcerpc
0 noalert udp
0 noalert tls
0 noalert tftp
0 noalert tcp
0 noalert ssh
0 noalert smtp
0 noalert smb
0 noalert pkthdr
0 noalert ntp
0 noalert nfs
0 noalert msn
0 noalert modbus
0 noalert krb5
0 noalert ipv6
0 noalert ip
0 noalert imap
0 noalert ikev2
0 noalert icmp
0 noalert http
0 noalert ftp-data
0 noalert ftp
0 noalert enip
0 noalert dns
0 noalert dnp3
0 noalert dhcp
0 noalert dcerpc
0 nfs_version udp
0 nfs_version tls
0 nfs_version tftp
0 nfs_version tcp
0 nfs_version ssh
0 nfs_version smtp
0 nfs_version smb
0 nfs_version pkthdr
0 nfs_version ntp
0 nfs_version nfs
0 nfs_version msn
0 nfs_version modbus
0 nfs_version krb5
0 nfs_version ipv6
0 nfs_version ip
0 nfs_version imap
0 nfs_version ikev2
0 nfs_version icmp
0 nfs_version http
0 nfs_version ftp-data
0 nfs_version ftp
0 nfs_version enip
0 nfs_version dns
0 nfs_version dnp3
0 nfs_version dhcp
0 nfs_version dcerpc
0 nfs_procedure udp
0 nfs_procedure tls
0 nfs_procedure tftp
0 nfs_procedure tcp
0 nfs_procedure ssh
0 nfs_procedure smtp
0 nfs_procedure smb
0 nfs_procedure pkthdr
0 nfs_procedure ntp
0 nfs_procedure nfs
0 nfs_procedure msn
0 nfs_procedure modbus
0 nfs_procedure krb5
0 nfs_procedure ipv6
0 nfs_procedure ip
0 nfs_procedure imap
0 nfs_procedure ikev2
0 nfs_procedure icmp
0 nfs_procedure http
0 nfs_procedure ftp-data
0 nfs_procedure ftp
0 nfs_procedure enip
0 nfs_procedure dns
0 nfs_procedure dnp3
0 nfs_procedure dhcp
0 nfs_procedure dcerpc
0 nfq_set_mark udp
0 nfq_set_mark tls
0 nfq_set_mark tftp
0 nfq_set_mark tcp
0 nfq_set_mark ssh
0 nfq_set_mark smtp
0 nfq_set_mark smb
0 nfq_set_mark pkthdr
0 nfq_set_mark ntp
0 nfq_set_mark nfs
0 nfq_set_mark msn
0 nfq_set_mark modbus
0 nfq_set_mark krb5
0 nfq_set_mark ipv6
0 nfq_set_mark ip
0 nfq_set_mark imap
0 nfq_set_mark ikev2
0 nfq_set_mark icmp
0 nfq_set_mark http
0 nfq_set_mark ftp-data
0 nfq_set_mark ftp
0 nfq_set_mark enip
0 nfq_set_mark dns
0 nfq_set_mark dnp3
0 nfq_set_mark dhcp
0 nfq_set_mark dcerpc
0 modbus udp
0 modbus tls
0 modbus tftp
0 modbus tcp
0 modbus ssh
0 modbus smtp
0 modbus smb
0 modbus pkthdr
0 modbus ntp
0 modbus nfs
0 modbus msn
0 modbus modbus
0 modbus krb5
0 modbus ipv6
0 modbus ip
0 modbus imap
0 modbus ikev2
0 modbus icmp
0 modbus http
0 modbus ftp-data
0 modbus ftp
0 modbus enip
0 modbus dns
0 modbus dnp3
0 modbus dhcp
0 modbus dcerpc
0 l3_proto udp
0 l3_proto tls
0 l3_proto tftp
0 l3_proto tcp
0 l3_proto ssh
0 l3_proto smtp
0 l3_proto smb
0 l3_proto pkthdr
0 l3_proto ntp
0 l3_proto nfs
0 l3_proto msn
0 l3_proto modbus
0 l3_proto krb5
0 l3_proto ipv6
0 l3_proto ip
0 l3_proto imap
0 l3_proto ikev2
0 l3_proto icmp
0 l3_proto http
0 l3_proto ftp-data
0 l3_proto ftp
0 l3_proto enip
0 l3_proto dns
0 l3_proto dnp3
0 l3_proto dhcp
0 l3_proto dcerpc
0 krb5_sname udp
0 krb5_sname tls
0 krb5_sname tftp
0 krb5_sname tcp
0 krb5_sname ssh
0 krb5_sname smtp
0 krb5_sname smb
0 krb5_sname pkthdr
0 krb5_sname ntp
0 krb5_sname nfs
0 krb5_sname msn
0 krb5_sname modbus
0 krb5_sname krb5
0 krb5_sname ipv6
0 krb5_sname ip
0 krb5_sname imap
0 krb5_sname ikev2
0 krb5_sname icmp
0 krb5_sname http
0 krb5_sname ftp-data
0 krb5_sname ftp
0 krb5_sname enip
0 krb5_sname dns
0 krb5_sname dnp3
0 krb5_sname dhcp
0 krb5_sname dcerpc
0 krb5_msg_type udp
0 krb5_msg_type tls
0 krb5_msg_type tftp
0 krb5_msg_type tcp
0 krb5_msg_type ssh
0 krb5_msg_type smtp
0 krb5_msg_type smb
0 krb5_msg_type pkthdr
0 krb5_msg_type ntp
0 krb5_msg_type nfs
0 krb5_msg_type msn
0 krb5_msg_type modbus
0 krb5_msg_type krb5
0 krb5_msg_type ipv6
0 krb5_msg_type ip
0 krb5_msg_type imap
0 krb5_msg_type ikev2
0 krb5_msg_type icmp
0 krb5_msg_type http
0 krb5_msg_type ftp-data
0 krb5_msg_type ftp
0 krb5_msg_type enip
0 krb5_msg_type dns
0 krb5_msg_type dnp3
0 krb5_msg_type dhcp
0 krb5_msg_type dcerpc
0 krb5_err_code udp
0 krb5_err_code tls
0 krb5_err_code tftp
0 krb5_err_code tcp
0 krb5_err_code ssh
0 krb5_err_code smtp
0 krb5_err_code smb
0 krb5_err_code pkthdr
0 krb5_err_code ntp
0 krb5_err_code nfs
0 krb5_err_code msn
0 krb5_err_code modbus
0 krb5_err_code krb5
0 krb5_err_code ipv6
0 krb5_err_code ip
0 krb5_err_code imap
0 krb5_err_code ikev2
0 krb5_err_code icmp
0 krb5_err_code http
0 krb5_err_code ftp-data
0 krb5_err_code ftp
0 krb5_err_code enip
0 krb5_err_code dns
0 krb5_err_code dnp3
0 krb5_err_code dhcp
0 krb5_err_code dcerpc
0 krb5_cname udp
0 krb5_cname tls
0 krb5_cname tftp
0 krb5_cname tcp
0 krb5_cname ssh
0 krb5_cname smtp
0 krb5_cname smb
0 krb5_cname pkthdr
0 krb5_cname ntp
0 krb5_cname nfs
0 krb5_cname msn
0 krb5_cname modbus
0 krb5_cname krb5
0 krb5_cname ipv6
0 krb5_cname ip
0 krb5_cname imap
0 krb5_cname ikev2
0 krb5_cname icmp
0 krb5_cname http
0 krb5_cname ftp-data
0 krb5_cname ftp
0 krb5_cname enip
0 krb5_cname dns
0 krb5_cname dnp3
0 krb5_cname dhcp
0 krb5_cname dcerpc
0 ja3_string udp
0 ja3_string tls
0 ja3_string tftp
0 ja3_string tcp
0 ja3_string ssh
0 ja3_string smtp
0 ja3_string smb
0 ja3_string pkthdr
0 ja3_string ntp
0 ja3_string nfs
0 ja3_string msn
0 ja3_string modbus
0 ja3_string krb5
0 ja3_string ipv6
0 ja3_string ip
0 ja3_string imap
0 ja3_string ikev2
0 ja3_string icmp
0 ja3_string http
0 ja3_string ftp-data
0 ja3_string ftp
0 ja3_string enip
0 ja3_string dns
0 ja3_string dnp3
0 ja3_string dhcp
0 ja3_string dcerpc
0 ja3_hash udp
0 ja3_hash tls
0 ja3_hash tftp
0 ja3_hash tcp
0 ja3_hash ssh
0 ja3_hash smtp
0 ja3_hash smb
0 ja3_hash pkthdr
0 ja3_hash ntp
0 ja3_hash nfs
0 ja3_hash msn
0 ja3_hash modbus
0 ja3_hash krb5
0 ja3_hash ipv6
0 ja3_hash ip
0 ja3_hash imap
0 ja3_hash ikev2
0 ja3_hash icmp
0 ja3_hash http
0 ja3_hash ftp-data
0 ja3_hash ftp
0 ja3_hash enip
0 ja3_hash dns
0 ja3_hash dnp3
0 ja3_hash dhcp
0 ja3_hash dcerpc
0 itype udp
0 itype tls
0 itype tftp
0 itype tcp
0 itype ssh
0 itype smtp
0 itype smb
0 itype pkthdr
0 itype ntp
0 itype nfs
0 itype msn
0 itype modbus
0 itype krb5
0 itype ipv6
0 itype ip
0 itype imap
0 itype ikev2
0 itype http
0 itype ftp-data
0 itype ftp
0 itype enip
0 itype dns
0 itype dnp3
0 itype dhcp
0 itype dcerpc
0 isdataat tftp
0 isdataat ssh
0 isdataat smtp
0 isdataat pkthdr
0 isdataat ntp
0 isdataat nfs
0 isdataat msn
0 isdataat modbus
0 isdataat krb5
0 isdataat ipv6
0 isdataat ip
0 isdataat imap
0 isdataat ikev2
0 isdataat icmp
0 isdataat ftp-data
0 isdataat enip
0 isdataat dnp3
0 isdataat dhcp
0 isdataat dcerpc
0 ipv4-csum udp
0 ipv4-csum tls
0 ipv4-csum tftp
0 ipv4-csum tcp
0 ipv4-csum ssh
0 ipv4-csum smtp
0 ipv4-csum smb
0 ipv4-csum pkthdr
0 ipv4-csum ntp
0 ipv4-csum nfs
0 ipv4-csum msn
0 ipv4-csum modbus
0 ipv4-csum krb5
0 ipv4-csum ipv6
0 ipv4-csum ip
0 ipv4-csum imap
0 ipv4-csum ikev2
0 ipv4-csum icmp
0 ipv4-csum http
0 ipv4-csum ftp-data
0 ipv4-csum ftp
0 ipv4-csum enip
0 ipv4-csum dns
0 ipv4-csum dnp3
0 ipv4-csum dhcp
0 ipv4-csum dcerpc
0 iprep udp
0 iprep tls
0 iprep tftp
0 iprep tcp
0 iprep ssh
0 iprep smtp
0 iprep smb
0 iprep pkthdr
0 iprep ntp
0 iprep nfs
0 iprep msn
0 iprep modbus
0 iprep krb5
0 iprep ipv6
0 iprep ip
0 iprep imap
0 iprep ikev2
0 iprep icmp
0 iprep http
0 iprep ftp-data
0 iprep ftp
0 iprep enip
0 iprep dns
0 iprep dnp3
0 iprep dhcp
0 iprep dcerpc
0 ip_proto udp
0 ip_proto tls
0 ip_proto tftp
0 ip_proto tcp
0 ip_proto ssh
0 ip_proto smtp
0 ip_proto smb
0 ip_proto pkthdr
0 ip_proto ntp
0 ip_proto nfs
0 ip_proto msn
0 ip_proto modbus
0 ip_proto krb5
0 ip_proto ipv6
0 ip_proto imap
0 ip_proto ikev2
0 ip_proto icmp
0 ip_proto http
0 ip_proto ftp-data
0 ip_proto ftp
0 ip_proto enip
0 ip_proto dns
0 ip_proto dnp3
0 ip_proto dhcp
0 ip_proto dcerpc
0 ipopts udp
0 ipopts tls
0 ipopts tftp
0 ipopts tcp
0 ipopts ssh
0 ipopts smtp
0 ipopts smb
0 ipopts pkthdr
0 ipopts ntp
0 ipopts nfs
0 ipopts msn
0 ipopts modbus
0 ipopts krb5
0 ipopts ipv6
0 ipopts imap
0 ipopts ikev2
0 ipopts http
0 ipopts ftp-data
0 ipopts ftp
0 ipopts enip
0 ipopts dns
0 ipopts dnp3
0 ipopts dhcp
0 ipopts dcerpc
0 id tls
0 id tftp
0 id ssh
0 id smtp
0 id smb
0 id pkthdr
0 id ntp
0 id nfs
0 id msn
0 id modbus
0 id krb5
0 id ipv6
0 id ip
0 id imap
0 id ikev2
0 id ftp-data
0 id ftp
0 id enip
0 id dns
0 id dnp3
0 id dhcp
0 id dcerpc
0 icode udp
0 icode tls
0 icode tftp
0 icode tcp
0 icode ssh
0 icode smtp
0 icode smb
0 icode pkthdr
0 icode ntp
0 icode nfs
0 icode msn
0 icode modbus
0 icode krb5
0 icode ipv6
0 icode ip
0 icode imap
0 icode ikev2
0 icode http
0 icode ftp-data
0 icode ftp
0 icode enip
0 icode dns
0 icode dnp3
0 icode dhcp
0 icode dcerpc
0 icmpv6-csum udp
0 icmpv6-csum tls
0 icmpv6-csum tftp
0 icmpv6-csum tcp
0 icmpv6-csum ssh
0 icmpv6-csum smtp
0 icmpv6-csum smb
0 icmpv6-csum pkthdr
0 icmpv6-csum ntp
0 icmpv6-csum nfs
0 icmpv6-csum msn
0 icmpv6-csum modbus
0 icmpv6-csum krb5
0 icmpv6-csum ipv6
0 icmpv6-csum ip
0 icmpv6-csum imap
0 icmpv6-csum ikev2
0 icmpv6-csum icmp
0 icmpv6-csum http
0 icmpv6-csum ftp-data
0 icmpv6-csum ftp
0 icmpv6-csum enip
0 icmpv6-csum dns
0 icmpv6-csum dnp3
0 icmpv6-csum dhcp
0 icmpv6-csum dcerpc
0 icmpv4-csum udp
0 icmpv4-csum tls
0 icmpv4-csum tftp
0 icmpv4-csum tcp
0 icmpv4-csum ssh
0 icmpv4-csum smtp
0 icmpv4-csum smb
0 icmpv4-csum pkthdr
0 icmpv4-csum ntp
0 icmpv4-csum nfs
0 icmpv4-csum msn
0 icmpv4-csum modbus
0 icmpv4-csum krb5
0 icmpv4-csum ipv6
0 icmpv4-csum ip
0 icmpv4-csum imap
0 icmpv4-csum ikev2
0 icmpv4-csum icmp
0 icmpv4-csum http
0 icmpv4-csum ftp-data
0 icmpv4-csum ftp
0 icmpv4-csum enip
0 icmpv4-csum dns
0 icmpv4-csum dnp3
0 icmpv4-csum dhcp
0 icmpv4-csum dcerpc
0 icmp_seq udp
0 icmp_seq tls
0 icmp_seq tftp
0 icmp_seq tcp
0 icmp_seq ssh
0 icmp_seq smtp
0 icmp_seq smb
0 icmp_seq pkthdr
0 icmp_seq ntp
0 icmp_seq nfs
0 icmp_seq msn
0 icmp_seq modbus
0 icmp_seq krb5
0 icmp_seq ipv6
0 icmp_seq ip
0 icmp_seq imap
0 icmp_seq ikev2
0 icmp_seq http
0 icmp_seq ftp-data
0 icmp_seq ftp
0 icmp_seq enip
0 icmp_seq dns
0 icmp_seq dnp3
0 icmp_seq dhcp
0 icmp_seq dcerpc
0 icmp_id udp
0 icmp_id tls
0 icmp_id tftp
0 icmp_id tcp
0 icmp_id ssh
0 icmp_id smtp
0 icmp_id smb
0 icmp_id pkthdr
0 icmp_id ntp
0 icmp_id nfs
0 icmp_id msn
0 icmp_id modbus
0 icmp_id krb5
0 icmp_id ipv6
0 icmp_id ip
0 icmp_id imap
0 icmp_id ikev2
0 icmp_id http
0 icmp_id ftp-data
0 icmp_id ftp
0 icmp_id enip
0 icmp_id dns
0 icmp_id dnp3
0 icmp_id dhcp
0 icmp_id dcerpc
0 http_user_agent udp
0 http_user_agent tls
0 http_user_agent tftp
0 http_user_agent tcp
0 http_user_agent ssh
0 http_user_agent smtp
0 http_user_agent smb
0 http_user_agent pkthdr
0 http_user_agent ntp
0 http_user_agent nfs
0 http_user_agent msn
0 http_user_agent modbus
0 http_user_agent krb5
0 http_user_agent ipv6
0 http_user_agent ip
0 http_user_agent imap
0 http_user_agent ikev2
0 http_user_agent icmp
0 http_user_agent http
0 http_user_agent ftp-data
0 http_user_agent ftp
0 http_user_agent enip
0 http_user_agent dns
0 http_user_agent dnp3
0 http_user_agent dhcp
0 http_user_agent dcerpc
0 http_uri udp
0 http_uri tls
0 http_uri tftp
0 http_uri tcp
0 http_uri ssh
0 http_uri smtp
0 http_uri smb
0 http_uri pkthdr
0 http_uri ntp
0 http_uri nfs
0 http_uri msn
0 http_uri modbus
0 http_uri krb5
0 http_uri ipv6
0 http_uri ip
0 http_uri imap
0 http_uri ikev2
0 http_uri icmp
0 http_uri http
0 http_uri ftp-data
0 http_uri ftp
0 http_uri enip
0 http_uri dns
0 http_uri dnp3
0 http_uri dhcp
0 http_uri dcerpc
0 http_stat_msg udp
0 http_stat_msg tls
0 http_stat_msg tftp
0 http_stat_msg tcp
0 http_stat_msg ssh
0 http_stat_msg smtp
0 http_stat_msg smb
0 http_stat_msg pkthdr
0 http_stat_msg ntp
0 http_stat_msg nfs
0 http_stat_msg msn
0 http_stat_msg modbus
0 http_stat_msg krb5
0 http_stat_msg ipv6
0 http_stat_msg ip
0 http_stat_msg imap
0 http_stat_msg ikev2
0 http_stat_msg icmp
0 http_stat_msg http
0 http_stat_msg ftp-data
0 http_stat_msg ftp
0 http_stat_msg enip
0 http_stat_msg dns
0 http_stat_msg dnp3
0 http_stat_msg dhcp
0 http_stat_msg dcerpc
0 http_stat_code udp
0 http_stat_code tls
0 http_stat_code tftp
0 http_stat_code tcp
0 http_stat_code ssh
0 http_stat_code smtp
0 http_stat_code smb
0 http_stat_code pkthdr
0 http_stat_code ntp
0 http_stat_code nfs
0 http_stat_code msn
0 http_stat_code modbus
0 http_stat_code krb5
0 http_stat_code ipv6
0 http_stat_code ip
0 http_stat_code imap
0 http_stat_code ikev2
0 http_stat_code icmp
0 http_stat_code http
0 http_stat_code ftp-data
0 http_stat_code ftp
0 http_stat_code enip
0 http_stat_code dns
0 http_stat_code dnp3
0 http_stat_code dhcp
0 http_stat_code dcerpc
0 http_start udp
0 http_start tls
0 http_start tftp
0 http_start tcp
0 http_start ssh
0 http_start smtp
0 http_start smb
0 http_start pkthdr
0 http_start ntp
0 http_start nfs
0 http_start msn
0 http_start modbus
0 http_start krb5
0 http_start ipv6
0 http_start ip
0 http_start imap
0 http_start ikev2
0 http_start icmp
0 http_start http
0 http_start ftp-data
0 http_start ftp
0 http_start enip
0 http_start dns
0 http_start dnp3
0 http_start dhcp
0 http_start dcerpc
0 http_server_body udp
0 http_server_body tls
0 http_server_body tftp
0 http_server_body tcp
0 http_server_body ssh
0 http_server_body smtp
0 http_server_body smb
0 http_server_body pkthdr
0 http_server_body ntp
0 http_server_body nfs
0 http_server_body msn
0 http_server_body modbus
0 http_server_body krb5
0 http_server_body ipv6
0 http_server_body ip
0 http_server_body imap
0 http_server_body ikev2
0 http_server_body icmp
0 http_server_body http
0 http_server_body ftp-data
0 http_server_body ftp
0 http_server_body enip
0 http_server_body dns
0 http_server_body dnp3
0 http_server_body dhcp
0 http_server_body dcerpc
0 http_response_line udp
0 http_response_line tls
0 http_response_line tftp
0 http_response_line tcp
0 http_response_line ssh
0 http_response_line smtp
0 http_response_line smb
0 http_response_line pkthdr
0 http_response_line ntp
0 http_response_line nfs
0 http_response_line msn
0 http_response_line modbus
0 http_response_line krb5
0 http_response_line ipv6
0 http_response_line ip
0 http_response_line imap
0 http_response_line ikev2
0 http_response_line icmp
0 http_response_line http
0 http_response_line ftp-data
0 http_response_line ftp
0 http_response_line enip
0 http_response_line dns
0 http_response_line dnp3
0 http_response_line dhcp
0 http_response_line dcerpc
0 http_request_line udp
0 http_request_line tls
0 http_request_line tftp
0 http_request_line tcp
0 http_request_line ssh
0 http_request_line smtp
0 http_request_line smb
0 http_request_line pkthdr
0 http_request_line ntp
0 http_request_line nfs
0 http_request_line msn
0 http_request_line modbus
0 http_request_line krb5
0 http_request_line ipv6
0 http_request_line ip
0 http_request_line imap
0 http_request_line ikev2
0 http_request_line icmp
0 http_request_line http
0 http_request_line ftp-data
0 http_request_line ftp
0 http_request_line enip
0 http_request_line dns
0 http_request_line dnp3
0 http_request_line dhcp
0 http_request_line dcerpc
0 http_referer udp
0 http_referer tls
0 http_referer tftp
0 http_referer tcp
0 http_referer ssh
0 http_referer smtp
0 http_referer smb
0 http_referer pkthdr
0 http_referer ntp
0 http_referer nfs
0 http_referer msn
0 http_referer modbus
0 http_referer krb5
0 http_referer ipv6
0 http_referer ip
0 http_referer imap
0 http_referer ikev2
0 http_referer icmp
0 http_referer http
0 http_referer ftp-data
0 http_referer ftp
0 http_referer enip
0 http_referer dns
0 http_referer dnp3
0 http_referer dhcp
0 http_referer dcerpc
0 http_raw_uri udp
0 http_raw_uri tls
0 http_raw_uri tftp
0 http_raw_uri tcp
0 http_raw_uri ssh
0 http_raw_uri smtp
0 http_raw_uri smb
0 http_raw_uri pkthdr
0 http_raw_uri ntp
0 http_raw_uri nfs
0 http_raw_uri msn
0 http_raw_uri modbus
0 http_raw_uri krb5
0 http_raw_uri ipv6
0 http_raw_uri ip
0 http_raw_uri imap
0 http_raw_uri ikev2
0 http_raw_uri icmp
0 http_raw_uri http
0 http_raw_uri ftp-data
0 http_raw_uri ftp
0 http_raw_uri enip
0 http_raw_uri dns
0 http_raw_uri dnp3
0 http_raw_uri dhcp
0 http_raw_uri dcerpc
0 http_raw_host udp
0 http_raw_host tls
0 http_raw_host tftp
0 http_raw_host tcp
0 http_raw_host ssh
0 http_raw_host smtp
0 http_raw_host smb
0 http_raw_host pkthdr
0 http_raw_host ntp
0 http_raw_host nfs
0 http_raw_host msn
0 http_raw_host modbus
0 http_raw_host krb5
0 http_raw_host ipv6
0 http_raw_host ip
0 http_raw_host imap
0 http_raw_host ikev2
0 http_raw_host icmp
0 http_raw_host http
0 http_raw_host ftp-data
0 http_raw_host ftp
0 http_raw_host enip
0 http_raw_host dns
0 http_raw_host dnp3
0 http_raw_host dhcp
0 http_raw_host dcerpc
0 http_raw_header udp
0 http_raw_header tls
0 http_raw_header tftp
0 http_raw_header tcp
0 http_raw_header ssh
0 http_raw_header smtp
0 http_raw_header smb
0 http_raw_header pkthdr
0 http_raw_header ntp
0 http_raw_header nfs
0 http_raw_header msn
0 http_raw_header modbus
0 http_raw_header krb5
0 http_raw_header ipv6
0 http_raw_header ip
0 http_raw_header imap
0 http_raw_header ikev2
0 http_raw_header icmp
0 http_raw_header http
0 http_raw_header ftp-data
0 http_raw_header ftp
0 http_raw_header enip
0 http_raw_header dns
0 http_raw_header dnp3
0 http_raw_header dhcp
0 http_raw_header dcerpc
0 http_protocol udp
0 http_protocol tls
0 http_protocol tftp
0 http_protocol tcp
0 http_protocol ssh
0 http_protocol smtp
0 http_protocol smb
0 http_protocol pkthdr
0 http_protocol ntp
0 http_protocol nfs
0 http_protocol msn
0 http_protocol modbus
0 http_protocol krb5
0 http_protocol ipv6
0 http_protocol ip
0 http_protocol imap
0 http_protocol ikev2
0 http_protocol icmp
0 http_protocol http
0 http_protocol ftp-data
0 http_protocol ftp
0 http_protocol enip
0 http_protocol dns
0 http_protocol dnp3
0 http_protocol dhcp
0 http_protocol dcerpc
0 http_method udp
0 http_method tls
0 http_method tftp
0 http_method tcp
0 http_method ssh
0 http_method smtp
0 http_method smb
0 http_method pkthdr
0 http_method ntp
0 http_method nfs
0 http_method msn
0 http_method modbus
0 http_method krb5
0 http_method ipv6
0 http_method ip
0 http_method imap
0 http_method ikev2
0 http_method icmp
0 http_method http
0 http_method ftp-data
0 http_method ftp
0 http_method enip
0 http_method dns
0 http_method dnp3
0 http_method dhcp
0 http_method dcerpc
0 http_host udp
0 http_host tls
0 http_host tftp
0 http_host tcp
0 http_host ssh
0 http_host smtp
0 http_host smb
0 http_host pkthdr
0 http_host ntp
0 http_host nfs
0 http_host msn
0 http_host modbus
0 http_host krb5
0 http_host ipv6
0 http_host ip
0 http_host imap
0 http_host ikev2
0 http_host icmp
0 http_host http
0 http_host ftp-data
0 http_host ftp
0 http_host enip
0 http_host dns
0 http_host dnp3
0 http_host dhcp
0 http_host dcerpc
0 http_header udp
0 http_header tls
0 http_header tftp
0 http_header tcp
0 http_header ssh
0 http_header smtp
0 http_header smb
0 http_header pkthdr
0 http_header ntp
0 http_header nfs
0 http_header_names udp
0 http_header_names tls
0 http_header_names tftp
0 http_header_names tcp
0 http_header_names ssh
0 http_header_names smtp
0 http_header_names smb
0 http_header_names pkthdr
0 http_header_names ntp
0 http_header_names nfs
0 http_header_names msn
0 http_header_names modbus
0 http_header_names krb5
0 http_header_names ipv6
0 http_header_names ip
0 http_header_names imap
0 http_header_names ikev2
0 http_header_names icmp
0 http_header_names http
0 http_header_names ftp-data
0 http_header_names ftp
0 http_header_names enip
0 http_header_names dns
0 http_header_names dnp3
0 http_header_names dhcp
0 http_header_names dcerpc
0 http_header msn
0 http_header modbus
0 http_header krb5
0 http_header ipv6
0 http_header ip
0 http_header imap
0 http_header ikev2
0 http_header icmp
0 http_header http
0 http_header ftp-data
0 http_header ftp
0 http_header enip
0 http_header dns
0 http_header dnp3
0 http_header dhcp
0 http_header dcerpc
0 http_cookie udp
0 http_cookie tls
0 http_cookie tftp
0 http_cookie tcp
0 http_cookie ssh
0 http_cookie smtp
0 http_cookie smb
0 http_cookie pkthdr
0 http_cookie ntp
0 http_cookie nfs
0 http_cookie msn
0 http_cookie modbus
0 http_cookie krb5
0 http_cookie ipv6
0 http_cookie ip
0 http_cookie imap
0 http_cookie ikev2
0 http_cookie icmp
0 http_cookie http
0 http_cookie ftp-data
0 http_cookie ftp
0 http_cookie enip
0 http_cookie dns
0 http_cookie dnp3
0 http_cookie dhcp
0 http_cookie dcerpc
0 http_content_type udp
0 http_content_type tls
0 http_content_type tftp
0 http_content_type tcp
0 http_content_type ssh
0 http_content_type smtp
0 http_content_type smb
0 http_content_type pkthdr
0 http_content_type ntp
0 http_content_type nfs
0 http_content_type msn
0 http_content_type modbus
0 http_content_type krb5
0 http_content_type ipv6
0 http_content_type ip
0 http_content_type imap
0 http_content_type ikev2
0 http_content_type icmp
0 http_content_type http
0 http_content_type ftp-data
0 http_content_type ftp
0 http_content_type enip
0 http_content_type dns
0 http_content_type dnp3
0 http_content_type dhcp
0 http_content_type dcerpc
0 http_content_len udp
0 http_content_len tls
0 http_content_len tftp
0 http_content_len tcp
0 http_content_len ssh
0 http_content_len smtp
0 http_content_len smb
0 http_content_len pkthdr
0 http_content_len ntp
0 http_content_len nfs
0 http_content_len msn
0 http_content_len modbus
0 http_content_len krb5
0 http_content_len ipv6
0 http_content_len ip
0 http_content_len imap
0 http_content_len ikev2
0 http_content_len icmp
0 http_content_len http
0 http_content_len ftp-data
0 http_content_len ftp
0 http_content_len enip
0 http_content_len dns
0 http_content_len dnp3
0 http_content_len dhcp
0 http_content_len dcerpc
0 http_connection udp
0 http_connection tls
0 http_connection tftp
0 http_connection tcp
0 http_connection ssh
0 http_connection smtp
0 http_connection smb
0 http_connection pkthdr
0 http_connection ntp
0 http_connection nfs
0 http_connection msn
0 http_connection modbus
0 http_connection krb5
0 http_connection ipv6
0 http_connection ip
0 http_connection imap
0 http_connection ikev2
0 http_connection icmp
0 http_connection http
0 http_connection ftp-data
0 http_connection ftp
0 http_connection enip
0 http_connection dns
0 http_connection dnp3
0 http_connection dhcp
0 http_connection dcerpc
0 http_client_body udp
0 http_client_body tls
0 http_client_body tftp
0 http_client_body tcp
0 http_client_body ssh
0 http_client_body smtp
0 http_client_body smb
0 http_client_body pkthdr
0 http_client_body ntp
0 http_client_body nfs
0 http_client_body msn
0 http_client_body modbus
0 http_client_body krb5
0 http_client_body ipv6
0 http_client_body ip
0 http_client_body imap
0 http_client_body ikev2
0 http_client_body icmp
0 http_client_body http
0 http_client_body ftp-data
0 http_client_body ftp
0 http_client_body enip
0 http_client_body dns
0 http_client_body dnp3
0 http_client_body dhcp
0 http_client_body dcerpc
0 http_accept udp
0 http_accept tls
0 http_accept tftp
0 http_accept tcp
0 http_accept ssh
0 http_accept smtp
0 http_accept smb
0 http_accept pkthdr
0 http_accept ntp
0 http_accept nfs
0 http_accept msn
0 http_accept modbus
0 http_accept_lang udp
0 http_accept_lang tls
0 http_accept_lang tftp
0 http_accept_lang tcp
0 http_accept_lang ssh
0 http_accept_lang smtp
0 http_accept_lang smb
0 http_accept_lang pkthdr
0 http_accept_lang ntp
0 http_accept_lang nfs
0 http_accept_lang msn
0 http_accept_lang modbus
0 http_accept_lang krb5
0 http_accept_lang ipv6
0 http_accept_lang ip
0 http_accept_lang imap
0 http_accept_lang ikev2
0 http_accept_lang icmp
0 http_accept_lang http
0 http_accept_lang ftp-data
0 http_accept_lang ftp
0 http_accept_lang enip
0 http_accept_lang dns
0 http_accept_lang dnp3
0 http_accept_lang dhcp
0 http_accept_lang dcerpc
0 http_accept krb5
0 http_accept ipv6
0 http_accept ip
0 http_accept imap
0 http_accept ikev2
0 http_accept icmp
0 http_accept http
0 http_accept ftp-data
0 http_accept ftp
0 http_accept enip
0 http_accept_enc udp
0 http_accept_enc tls
0 http_accept_enc tftp
0 http_accept_enc tcp
0 http_accept_enc ssh
0 http_accept_enc smtp
0 http_accept_enc smb
0 http_accept_enc pkthdr
0 http_accept_enc ntp
0 http_accept_enc nfs
0 http_accept_enc msn
0 http_accept_enc modbus
0 http_accept_enc krb5
0 http_accept_enc ipv6
0 http_accept_enc ip
0 http_accept_enc imap
0 http_accept_enc ikev2
0 http_accept_enc icmp
0 http_accept_enc http
0 http_accept_enc ftp-data
0 http_accept_enc ftp
0 http_accept_enc enip
0 http_accept_enc dns
0 http_accept_enc dnp3
0 http_accept_enc dhcp
0 http_accept_enc dcerpc
0 http_accept dns
0 http_accept dnp3
0 http_accept dhcp
0 http_accept dcerpc
0 hostbits udp
0 hostbits tls
0 hostbits tftp
0 hostbits tcp
0 hostbits ssh
0 hostbits smtp
0 hostbits smb
0 hostbits pkthdr
0 hostbits ntp
0 hostbits nfs
0 hostbits msn
0 hostbits modbus
0 hostbits krb5
0 hostbits ipv6
0 hostbits ip
0 hostbits imap
0 hostbits ikev2
0 hostbits icmp
0 hostbits http
0 hostbits ftp-data
0 hostbits ftp
0 hostbits enip
0 hostbits dns
0 hostbits dnp3
0 hostbits dhcp
0 hostbits dcerpc
0 geoip udp
0 geoip tls
0 geoip tftp
0 geoip tcp
0 geoip ssh
0 geoip smtp
0 geoip smb
0 geoip pkthdr
0 geoip ntp
0 geoip nfs
0 geoip msn
0 geoip modbus
0 geoip krb5
0 geoip ipv6
0 geoip ip
0 geoip imap
0 geoip ikev2
0 geoip icmp
0 geoip http
0 geoip ftp-data
0 geoip ftp
0 geoip enip
0 geoip dns
0 geoip dnp3
0 geoip dhcp
0 geoip dcerpc
0 ftpdata_command udp
0 ftpdata_command tls
0 ftpdata_command tftp
0 ftpdata_command tcp
0 ftpdata_command ssh
0 ftpdata_command smtp
0 ftpdata_command smb
0 ftpdata_command pkthdr
0 ftpdata_command ntp
0 ftpdata_command nfs
0 ftpdata_command msn
0 ftpdata_command modbus
0 ftpdata_command krb5
0 ftpdata_command ipv6
0 ftpdata_command ip
0 ftpdata_command imap
0 ftpdata_command ikev2
0 ftpdata_command icmp
0 ftpdata_command http
0 ftpdata_command ftp-data
0 ftpdata_command ftp
0 ftpdata_command enip
0 ftpdata_command dns
0 ftpdata_command dnp3
0 ftpdata_command dhcp
0 ftpdata_command dcerpc
0 ftpbounce udp
0 ftpbounce tls
0 ftpbounce tftp
0 ftpbounce tcp
0 ftpbounce ssh
0 ftpbounce smtp
0 ftpbounce smb
0 ftpbounce pkthdr
0 ftpbounce ntp
0 ftpbounce nfs
0 ftpbounce msn
0 ftpbounce modbus
0 ftpbounce krb5
0 ftpbounce ipv6
0 ftpbounce ip
0 ftpbounce imap
0 ftpbounce ikev2
0 ftpbounce icmp
0 ftpbounce http
0 ftpbounce ftp-data
0 ftpbounce ftp
0 ftpbounce enip
0 ftpbounce dns
0 ftpbounce dnp3
0 ftpbounce dhcp
0 ftpbounce dcerpc
0 fragoffset udp
0 fragoffset tls
0 fragoffset tftp
0 fragoffset ssh
0 fragoffset smtp
0 fragoffset smb
0 fragoffset pkthdr
0 fragoffset ntp
0 fragoffset nfs
0 fragoffset msn
0 fragoffset modbus
0 fragoffset krb5
0 fragoffset ipv6
0 fragoffset ip
0 fragoffset imap
0 fragoffset ikev2
0 fragoffset icmp
0 fragoffset http
0 fragoffset ftp-data
0 fragoffset ftp
0 fragoffset enip
0 fragoffset dns
0 fragoffset dnp3
0 fragoffset dhcp
0 fragoffset dcerpc
0 fragbits tls
0 fragbits tftp
0 fragbits ssh
0 fragbits smtp
0 fragbits smb
0 fragbits pkthdr
0 fragbits ntp
0 fragbits nfs
0 fragbits msn
0 fragbits modbus
0 fragbits krb5
0 fragbits ipv6
0 fragbits imap
0 fragbits ikev2
0 fragbits icmp
0 fragbits http
0 fragbits ftp-data
0 fragbits ftp
0 fragbits enip
0 fragbits dns
0 fragbits dnp3
0 fragbits dhcp
0 fragbits dcerpc
0 flowvar udp
0 flowvar tls
0 flowvar tftp
0 flowvar tcp
0 flowvar ssh
0 flowvar smtp
0 flowvar smb
0 flowvar pkthdr
0 flowvar ntp
0 flowvar nfs
0 flowvar msn
0 flowvar modbus
0 flowvar krb5
0 flowvar ipv6
0 flowvar ip
0 flowvar imap
0 flowvar ikev2
0 flowvar icmp
0 flowvar http
0 flowvar ftp-data
0 flowvar ftp
0 flowvar enip
0 flowvar dns
0 flowvar dnp3
0 flowvar dhcp
0 flowvar dcerpc
0 flow tftp
0 flow pkthdr
0 flow ntp
0 flow nfs
0 flow msn
0 flow modbus
0 flow krb5
0 flow ipv6
0 flow ip
0 flowint udp
0 flowint tls
0 flowint tftp
0 flowint tcp
0 flowint ssh
0 flowint smtp
0 flowint smb
0 flowint pkthdr
0 flowint ntp
0 flowint nfs
0 flowint msn
0 flowint modbus
0 flowint krb5
0 flowint ipv6
0 flowint ip
0 flowint imap
0 flowint ikev2
0 flowint icmp
0 flowint http
0 flowint ftp-data
0 flowint ftp
0 flowint enip
0 flowint dns
0 flowint dnp3
0 flowint dhcp
0 flowint dcerpc
0 flow imap
0 flow ikev2
0 flow icmp
0 flow ftp-data
0 flow enip
0 flow dnp3
0 flow dhcp
0 flow dcerpc
0 flowbits tftp
0 flowbits ssh
0 flowbits pkthdr
0 flowbits ntp
0 flowbits nfs
0 flowbits msn
0 flowbits modbus
0 flowbits krb5
0 flowbits ipv6
0 flowbits imap
0 flowbits ikev2
0 flowbits icmp
0 flowbits ftp-data
0 flowbits enip
0 flowbits dns
0 flowbits dnp3
0 flowbits dhcp
0 flowbits dcerpc
0 flags udp
0 flags tls
0 flags tftp
0 flags ssh
0 flags smtp
0 flags smb
0 flags pkthdr
0 flags ntp
0 flags nfs
0 flags msn
0 flags modbus
0 flags krb5
0 flags ipv6
0 flags ip
0 flags imap
0 flags ikev2
0 flags icmp
0 flags ftp-data
0 flags ftp
0 flags enip
0 flags dns
0 flags dnp3
0 flags dhcp
0 flags dcerpc
0 filestore udp
0 filestore tls
0 filestore tftp
0 filestore tcp
0 filestore ssh
0 filestore smtp
0 filestore smb
0 filestore pkthdr
0 filestore ntp
0 filestore nfs
0 filestore msn
0 filestore modbus
0 filestore krb5
0 filestore ipv6
0 filestore ip
0 filestore imap
0 filestore ikev2
0 filestore icmp
0 filestore http
0 filestore ftp-data
0 filestore ftp
0 filestore enip
0 filestore dns
0 filestore dnp3
0 filestore dhcp
0 filestore dcerpc
0 filesize udp
0 filesize tls
0 filesize tftp
0 filesize tcp
0 filesize ssh
0 filesize smtp
0 filesize smb
0 filesize pkthdr
0 filesize ntp
0 filesize nfs
0 filesize msn
0 filesize modbus
0 filesize krb5
0 filesize ipv6
0 filesize ip
0 filesize imap
0 filesize ikev2
0 filesize icmp
0 filesize http
0 filesize ftp-data
0 filesize ftp
0 filesize enip
0 filesize dns
0 filesize dnp3
0 filesize dhcp
0 filesize dcerpc
0 filesha256 udp
0 filesha256 tls
0 filesha256 tftp
0 filesha256 tcp
0 filesha256 ssh
0 filesha256 smtp
0 filesha256 smb
0 filesha256 pkthdr
0 filesha256 ntp
0 filesha256 nfs
0 filesha256 msn
0 filesha256 modbus
0 filesha256 krb5
0 filesha256 ipv6
0 filesha256 ip
0 filesha256 imap
0 filesha256 ikev2
0 filesha256 icmp
0 filesha256 http
0 filesha256 ftp-data
0 filesha256 ftp
0 filesha256 enip
0 filesha256 dns
0 filesha256 dnp3
0 filesha256 dhcp
0 filesha256 dcerpc
0 filesha1 udp
0 filesha1 tls
0 filesha1 tftp
0 filesha1 tcp
0 filesha1 ssh
0 filesha1 smtp
0 filesha1 smb
0 filesha1 pkthdr
0 filesha1 ntp
0 filesha1 nfs
0 filesha1 msn
0 filesha1 modbus
0 filesha1 krb5
0 filesha1 ipv6
0 filesha1 ip
0 filesha1 imap
0 filesha1 ikev2
0 filesha1 icmp
0 filesha1 http
0 filesha1 ftp-data
0 filesha1 ftp
0 filesha1 enip
0 filesha1 dns
0 filesha1 dnp3
0 filesha1 dhcp
0 filesha1 dcerpc
0 filename udp
0 filename tls
0 filename tftp
0 filename tcp
0 filename ssh
0 filename smtp
0 filename smb
0 filename pkthdr
0 filename ntp
0 filename nfs
0 filename msn
0 filename modbus
0 filename krb5
0 filename ipv6
0 filename ip
0 filename imap
0 filename ikev2
0 filename icmp
0 filename http
0 filename ftp-data
0 filename ftp
0 filename enip
0 filename dns
0 filename dnp3
0 filename dhcp
0 filename dcerpc
0 filemd5 udp
0 filemd5 tls
0 filemd5 tftp
0 filemd5 tcp
0 filemd5 ssh
0 filemd5 smtp
0 filemd5 smb
0 filemd5 pkthdr
0 filemd5 ntp
0 filemd5 nfs
0 filemd5 msn
0 filemd5 modbus
0 filemd5 krb5
0 filemd5 ipv6
0 filemd5 ip
0 filemd5 imap
0 filemd5 ikev2
0 filemd5 icmp
0 filemd5 http
0 filemd5 ftp-data
0 filemd5 ftp
0 filemd5 enip
0 filemd5 dns
0 filemd5 dnp3
0 filemd5 dhcp
0 filemd5 dcerpc
0 filemagic udp
0 filemagic tls
0 filemagic tftp
0 filemagic tcp
0 filemagic ssh
0 filemagic smtp
0 filemagic smb
0 filemagic pkthdr
0 filemagic ntp
0 filemagic nfs
0 filemagic msn
0 filemagic modbus
0 filemagic krb5
0 filemagic ipv6
0 filemagic ip
0 filemagic imap
0 filemagic ikev2
0 filemagic icmp
0 filemagic http
0 filemagic ftp-data
0 filemagic ftp
0 filemagic enip
0 filemagic dns
0 filemagic dnp3
0 filemagic dhcp
0 filemagic dcerpc
0 fileext udp
0 fileext tls
0 fileext tftp
0 fileext tcp
0 fileext ssh
0 fileext smtp
0 fileext smb
0 fileext pkthdr
0 fileext ntp
0 fileext nfs
0 fileext msn
0 fileext modbus
0 fileext krb5
0 fileext ipv6
0 fileext ip
0 fileext imap
0 fileext ikev2
0 fileext icmp
0 fileext http
0 fileext ftp-data
0 fileext ftp
0 fileext enip
0 fileext dns
0 fileext dnp3
0 fileext dhcp
0 fileext dcerpc
0 file_data udp
0 file_data tls
0 file_data tftp
0 file_data tcp
0 file_data ssh
0 file_data smtp
0 file_data smb
0 file_data pkthdr
0 file_data ntp
0 file_data nfs
0 file_data msn
0 file_data modbus
0 file_data krb5
0 file_data ipv6
0 file_data ip
0 file_data imap
0 file_data ikev2
0 file_data icmp
0 file_data http
0 file_data ftp-data
0 file_data ftp
0 file_data enip
0 file_data dns
0 file_data dnp3
0 file_data dhcp
0 file_data dcerpc
0 fast_pattern tftp
0 fast_pattern ssh
0 fast_pattern pkthdr
0 fast_pattern ntp
0 fast_pattern nfs
0 fast_pattern msn
0 fast_pattern modbus
0 fast_pattern krb5
0 fast_pattern ipv6
0 fast_pattern imap
0 fast_pattern ikev2
0 fast_pattern icmp
0 fast_pattern ftp-data
0 fast_pattern enip
0 fast_pattern dns
0 fast_pattern dnp3
0 fast_pattern dhcp
0 fast_pattern dcerpc
0 enip_command udp
0 enip_command tls
0 enip_command tftp
0 enip_command tcp
0 enip_command ssh
0 enip_command smtp
0 enip_command smb
0 enip_command pkthdr
0 enip_command ntp
0 enip_command nfs
0 enip_command msn
0 enip_command modbus
0 enip_command krb5
0 enip_command ipv6
0 enip_command ip
0 enip_command imap
0 enip_command ikev2
0 enip_command icmp
0 enip_command http
0 enip_command ftp-data
0 enip_command ftp
0 enip_command enip
0 enip_command dns
0 enip_command dnp3
0 enip_command dhcp
0 enip_command dcerpc
0 engine-event udp
0 engine-event tls
0 engine-event tftp
0 engine-event tcp
0 engine-event ssh
0 engine-event smtp
0 engine-event smb
0 engine-event pkthdr
0 engine-event ntp
0 engine-event nfs
0 engine-event msn
0 engine-event modbus
0 engine-event krb5
0 engine-event ipv6
0 engine-event ip
0 engine-event imap
0 engine-event ikev2
0 engine-event icmp
0 engine-event http
0 engine-event ftp-data
0 engine-event ftp
0 engine-event enip
0 engine-event dns
0 engine-event dnp3
0 engine-event dhcp
0 engine-event dcerpc
0 endswith udp
0 endswith tls
0 endswith tftp
0 endswith tcp
0 endswith ssh
0 endswith smtp
0 endswith smb
0 endswith pkthdr
0 endswith ntp
0 endswith nfs
0 endswith msn
0 endswith modbus
0 endswith krb5
0 endswith ipv6
0 endswith ip
0 endswith imap
0 endswith ikev2
0 endswith icmp
0 endswith http
0 endswith ftp-data
0 endswith ftp
0 endswith enip
0 endswith dns
0 endswith dnp3
0 endswith dhcp
0 endswith dcerpc
0 dsize tftp
0 dsize ssh
0 dsize smtp
0 dsize smb
0 dsize pkthdr
0 dsize ntp
0 dsize nfs
0 dsize msn
0 dsize modbus
0 dsize krb5
0 dsize ipv6
0 dsize imap
0 dsize ikev2
0 dsize ftp-data
0 dsize enip
0 dsize dns
0 dsize dnp3
0 dsize dhcp
0 dsize dcerpc
0 dns_query udp
0 dns_query tls
0 dns_query tftp
0 dns_query tcp
0 dns_query ssh
0 dns_query smtp
0 dns_query smb
0 dns_query pkthdr
0 dns_query ntp
0 dns_query nfs
0 dns_query msn
0 dns_query modbus
0 dns_query krb5
0 dns_query ipv6
0 dns_query ip
0 dns_query imap
0 dns_query ikev2
0 dns_query icmp
0 dns_query http
0 dns_query ftp-data
0 dns_query ftp
0 dns_query enip
0 dns_query dns
0 dns_query dnp3
0 dns_query dhcp
0 dns_query dcerpc
0 dnp3_obj udp
0 dnp3_obj tls
0 dnp3_obj tftp
0 dnp3_obj tcp
0 dnp3_obj ssh
0 dnp3_obj smtp
0 dnp3_obj smb
0 dnp3_obj pkthdr
0 dnp3_obj ntp
0 dnp3_obj nfs
0 dnp3_obj msn
0 dnp3_obj modbus
0 dnp3_obj krb5
0 dnp3_obj ipv6
0 dnp3_obj ip
0 dnp3_obj imap
0 dnp3_obj ikev2
0 dnp3_obj icmp
0 dnp3_obj http
0 dnp3_obj ftp-data
0 dnp3_obj ftp
0 dnp3_obj enip
0 dnp3_obj dns
0 dnp3_obj dnp3
0 dnp3_obj dhcp
0 dnp3_obj dcerpc
0 dnp3_ind udp
0 dnp3_ind tls
0 dnp3_ind tftp
0 dnp3_ind tcp
0 dnp3_ind ssh
0 dnp3_ind smtp
0 dnp3_ind smb
0 dnp3_ind pkthdr
0 dnp3_ind ntp
0 dnp3_ind nfs
0 dnp3_ind msn
0 dnp3_ind modbus
0 dnp3_ind krb5
0 dnp3_ind ipv6
0 dnp3_ind ip
0 dnp3_ind imap
0 dnp3_ind ikev2
0 dnp3_ind icmp
0 dnp3_ind http
0 dnp3_ind ftp-data
0 dnp3_ind ftp
0 dnp3_ind enip
0 dnp3_ind dns
0 dnp3_ind dnp3
0 dnp3_ind dhcp
0 dnp3_ind dcerpc
0 dnp3_func udp
0 dnp3_func tls
0 dnp3_func tftp
0 dnp3_func tcp
0 dnp3_func ssh
0 dnp3_func smtp
0 dnp3_func smb
0 dnp3_func pkthdr
0 dnp3_func ntp
0 dnp3_func nfs
0 dnp3_func msn
0 dnp3_func modbus
0 dnp3_func krb5
0 dnp3_func ipv6
0 dnp3_func ip
0 dnp3_func imap
0 dnp3_func ikev2
0 dnp3_func icmp
0 dnp3_func http
0 dnp3_func ftp-data
0 dnp3_func ftp
0 dnp3_func enip
0 dnp3_func dns
0 dnp3_func dnp3
0 dnp3_func dhcp
0 dnp3_func dcerpc
0 dnp3_data udp
0 dnp3_data tls
0 dnp3_data tftp
0 dnp3_data tcp
0 dnp3_data ssh
0 dnp3_data smtp
0 dnp3_data smb
0 dnp3_data pkthdr
0 dnp3_data ntp
0 dnp3_data nfs
0 dnp3_data msn
0 dnp3_data modbus
0 dnp3_data krb5
0 dnp3_data ipv6
0 dnp3_data ip
0 dnp3_data imap
0 dnp3_data ikev2
0 dnp3_data icmp
0 dnp3_data http
0 dnp3_data ftp-data
0 dnp3_data ftp
0 dnp3_data enip
0 dnp3_data dns
0 dnp3_data dnp3
0 dnp3_data dhcp
0 dnp3_data dcerpc
0 distance tftp
0 distance pkthdr
0 distance ntp
0 distance nfs
0 distance msn
0 distance modbus
0 distance krb5
0 distance ipv6
0 distance imap
0 distance ikev2
0 distance ftp-data
0 distance enip
0 distance dnp3
0 distance dhcp
0 distance dcerpc
0 detection_filter udp
0 detection_filter tls
0 detection_filter tftp
0 detection_filter tcp
0 detection_filter ssh
0 detection_filter smtp
0 detection_filter smb
0 detection_filter pkthdr
0 detection_filter ntp
0 detection_filter nfs
0 detection_filter msn
0 detection_filter modbus
0 detection_filter krb5
0 detection_filter ipv6
0 detection_filter ip
0 detection_filter imap
0 detection_filter ikev2
0 detection_filter icmp
0 detection_filter ftp-data
0 detection_filter ftp
0 detection_filter enip
0 detection_filter dns
0 detection_filter dnp3
0 detection_filter dhcp
0 detection_filter dcerpc
0 depth tftp
0 depth ssh
0 depth pkthdr
0 depth ntp
0 depth nfs
0 depth msn
0 depth modbus
0 depth krb5
0 depth ipv6
0 depth imap
0 depth ikev2
0 depth ftp-data
0 depth enip
0 depth dnp3
0 depth dhcp
0 depth dcerpc
0 decode-event udp
0 decode-event tls
0 decode-event tftp
0 decode-event tcp
0 decode-event ssh
0 decode-event smtp
0 decode-event smb
0 decode-event pkthdr
0 decode-event ntp
0 decode-event nfs
0 decode-event msn
0 decode-event modbus
0 decode-event krb5
0 decode-event ipv6
0 decode-event ip
0 decode-event imap
0 decode-event ikev2
0 decode-event icmp
0 decode-event http
0 decode-event ftp-data
0 decode-event ftp
0 decode-event enip
0 decode-event dns
0 decode-event dnp3
0 decode-event dhcp
0 decode-event dcerpc
0 dce_stub_data udp
0 dce_stub_data tls
0 dce_stub_data tftp
0 dce_stub_data tcp
0 dce_stub_data ssh
0 dce_stub_data smtp
0 dce_stub_data smb
0 dce_stub_data pkthdr
0 dce_stub_data ntp
0 dce_stub_data nfs
0 dce_stub_data msn
0 dce_stub_data modbus
0 dce_stub_data krb5
0 dce_stub_data ipv6
0 dce_stub_data ip
0 dce_stub_data imap
0 dce_stub_data ikev2
0 dce_stub_data icmp
0 dce_stub_data http
0 dce_stub_data ftp-data
0 dce_stub_data ftp
0 dce_stub_data enip
0 dce_stub_data dns
0 dce_stub_data dnp3
0 dce_stub_data dhcp
0 dce_stub_data dcerpc
0 dce_opnum udp
0 dce_opnum tls
0 dce_opnum tftp
0 dce_opnum tcp
0 dce_opnum ssh
0 dce_opnum smtp
0 dce_opnum smb
0 dce_opnum pkthdr
0 dce_opnum ntp
0 dce_opnum nfs
0 dce_opnum msn
0 dce_opnum modbus
0 dce_opnum krb5
0 dce_opnum ipv6
0 dce_opnum ip
0 dce_opnum imap
0 dce_opnum ikev2
0 dce_opnum icmp
0 dce_opnum http
0 dce_opnum ftp-data
0 dce_opnum ftp
0 dce_opnum enip
0 dce_opnum dns
0 dce_opnum dnp3
0 dce_opnum dhcp
0 dce_opnum dcerpc
0 dce_iface udp
0 dce_iface tls
0 dce_iface tftp
0 dce_iface ssh
0 dce_iface smtp
0 dce_iface smb
0 dce_iface pkthdr
0 dce_iface ntp
0 dce_iface nfs
0 dce_iface msn
0 dce_iface modbus
0 dce_iface krb5
0 dce_iface ipv6
0 dce_iface ip
0 dce_iface imap
0 dce_iface ikev2
0 dce_iface icmp
0 dce_iface http
0 dce_iface ftp-data
0 dce_iface ftp
0 dce_iface enip
0 dce_iface dns
0 dce_iface dnp3
0 dce_iface dhcp
0 dce_iface dcerpc
0 content tftp
0 content pkthdr
0 content ntp
0 content nfs
0 content msn
0 content modbus
0 content krb5
0 content ipv6
0 content imap
0 content ikev2
0 content ftp-data
0 content enip
0 content dnp3
0 content dhcp
0 content dcerpc
0 compress_whitespace udp
0 compress_whitespace tls
0 compress_whitespace tftp
0 compress_whitespace tcp
0 compress_whitespace ssh
0 compress_whitespace smtp
0 compress_whitespace smb
0 compress_whitespace pkthdr
0 compress_whitespace ntp
0 compress_whitespace nfs
0 compress_whitespace msn
0 compress_whitespace modbus
0 compress_whitespace krb5
0 compress_whitespace ipv6
0 compress_whitespace ip
0 compress_whitespace imap
0 compress_whitespace ikev2
0 compress_whitespace icmp
0 compress_whitespace http
0 compress_whitespace ftp-data
0 compress_whitespace ftp
0 compress_whitespace enip
0 compress_whitespace dns
0 compress_whitespace dnp3
0 compress_whitespace dhcp
0 compress_whitespace dcerpc
0 cip_service udp
0 cip_service tls
0 cip_service tftp
0 cip_service tcp
0 cip_service ssh
0 cip_service smtp
0 cip_service smb
0 cip_service pkthdr
0 cip_service ntp
0 cip_service nfs
0 cip_service msn
0 cip_service modbus
0 cip_service krb5
0 cip_service ipv6
0 cip_service ip
0 cip_service imap
0 cip_service ikev2
0 cip_service icmp
0 cip_service http
0 cip_service ftp-data
0 cip_service ftp
0 cip_service enip
0 cip_service dns
0 cip_service dnp3
0 cip_service dhcp
0 cip_service dcerpc
0 byte_test tftp
0 byte_test ssh
0 byte_test smtp
0 byte_test smb
0 byte_test pkthdr
0 byte_test ntp
0 byte_test nfs
0 byte_test msn
0 byte_test modbus
0 byte_test krb5
0 byte_test ipv6
0 byte_test imap
0 byte_test ikev2
0 byte_test ftp-data
0 byte_test ftp
0 byte_test enip
0 byte_test dns
0 byte_test dnp3
0 byte_test dhcp
0 byte_test dcerpc
0 byte_jump tftp
0 byte_jump ssh
0 byte_jump smtp
0 byte_jump pkthdr
0 byte_jump ntp
0 byte_jump nfs
0 byte_jump msn
0 byte_jump modbus
0 byte_jump krb5
0 byte_jump ipv6
0 byte_jump ip
0 byte_jump imap
0 byte_jump ikev2
0 byte_jump icmp
0 byte_jump ftp-data
0 byte_jump ftp
0 byte_jump enip
0 byte_jump dns
0 byte_jump dnp3
0 byte_jump dhcp
0 byte_jump dcerpc
0 byte_extract tftp
0 byte_extract ssh
0 byte_extract smtp
0 byte_extract smb
0 byte_extract pkthdr
0 byte_extract ntp
0 byte_extract nfs
0 byte_extract msn
0 byte_extract modbus
0 byte_extract krb5
0 byte_extract ipv6
0 byte_extract ip
0 byte_extract imap
0 byte_extract ikev2
0 byte_extract icmp
0 byte_extract ftp-data
0 byte_extract ftp
0 byte_extract enip
0 byte_extract dns
0 byte_extract dnp3
0 byte_extract dhcp
0 byte_extract dcerpc
0 bypass udp
0 bypass tls
0 bypass tftp
0 bypass tcp
0 bypass ssh
0 bypass smtp
0 bypass smb
0 bypass pkthdr
0 bypass ntp
0 bypass nfs
0 bypass msn
0 bypass modbus
0 bypass krb5
0 bypass ipv6
0 bypass ip
0 bypass imap
0 bypass ikev2
0 bypass icmp
0 bypass http
0 bypass ftp-data
0 bypass ftp
0 bypass enip
0 bypass dns
0 bypass dnp3
0 bypass dhcp
0 bypass dcerpc
0 bsize udp
0 bsize tls
0 bsize tftp
0 bsize tcp
0 bsize ssh
0 bsize smtp
0 bsize smb
0 bsize pkthdr
0 bsize ntp
0 bsize nfs
0 bsize msn
0 bsize modbus
0 bsize krb5
0 bsize ipv6
0 bsize ip
0 bsize imap
0 bsize ikev2
0 bsize icmp
0 bsize http
0 bsize ftp-data
0 bsize ftp
0 bsize enip
0 bsize dns
0 bsize dnp3
0 bsize dhcp
0 bsize dcerpc
0 base64_decode udp
0 base64_decode tls
0 base64_decode tftp
0 base64_decode tcp
0 base64_decode ssh
0 base64_decode smtp
0 base64_decode smb
0 base64_decode pkthdr
0 base64_decode ntp
0 base64_decode nfs
0 base64_decode msn
0 base64_decode modbus
0 base64_decode krb5
0 base64_decode ipv6
0 base64_decode ip
0 base64_decode imap
0 base64_decode ikev2
0 base64_decode icmp
0 base64_decode http
0 base64_decode ftp-data
0 base64_decode ftp
0 base64_decode enip
0 base64_decode dns
0 base64_decode dnp3
0 base64_decode dhcp
0 base64_decode dcerpc
0 base64_data udp
0 base64_data tls
0 base64_data tftp
0 base64_data tcp
0 base64_data ssh
0 base64_data smtp
0 base64_data smb
0 base64_data pkthdr
0 base64_data ntp
0 base64_data nfs
0 base64_data msn
0 base64_data modbus
0 base64_data krb5
0 base64_data ipv6
0 base64_data ip
0 base64_data imap
0 base64_data ikev2
0 base64_data icmp
0 base64_data http
0 base64_data ftp-data
0 base64_data ftp
0 base64_data enip
0 base64_data dns
0 base64_data dnp3
0 base64_data dhcp
0 base64_data dcerpc
0 asn1 tls
0 asn1 tftp
0 asn1 ssh
0 asn1 smtp
0 asn1 smb
0 asn1 pkthdr
0 asn1 ntp
0 asn1 nfs
0 asn1 msn
0 asn1 modbus
0 asn1 krb5
0 asn1 ipv6
0 asn1 ip
0 asn1 imap
0 asn1 ikev2
0 asn1 icmp
0 asn1 http
0 asn1 ftp-data
0 asn1 ftp
0 asn1 enip
0 asn1 dns
0 asn1 dnp3
0 asn1 dhcp
0 asn1 dcerpc
0 app-layer-protocol udp
0 app-layer-protocol tls
0 app-layer-protocol tftp
0 app-layer-protocol ssh
0 app-layer-protocol smtp
0 app-layer-protocol smb
0 app-layer-protocol pkthdr
0 app-layer-protocol ntp
0 app-layer-protocol nfs
0 app-layer-protocol msn
0 app-layer-protocol modbus
0 app-layer-protocol krb5
0 app-layer-protocol ipv6
0 app-layer-protocol ip
0 app-layer-protocol imap
0 app-layer-protocol ikev2
0 app-layer-protocol icmp
0 app-layer-protocol http
0 app-layer-protocol ftp-data
0 app-layer-protocol ftp
0 app-layer-protocol enip
0 app-layer-protocol dns
0 app-layer-protocol dnp3
0 app-layer-protocol dhcp
0 app-layer-protocol dcerpc
0 app-layer-event udp
0 app-layer-event tls
0 app-layer-event tftp
0 app-layer-event tcp
0 app-layer-event ssh
0 app-layer-event smtp
0 app-layer-event smb
0 app-layer-event pkthdr
0 app-layer-event ntp
0 app-layer-event nfs
0 app-layer-event msn
0 app-layer-event modbus
0 app-layer-event krb5
0 app-layer-event ipv6
0 app-layer-event ip
0 app-layer-event imap
0 app-layer-event ikev2
0 app-layer-event icmp
0 app-layer-event http
0 app-layer-event ftp-data
0 app-layer-event ftp
0 app-layer-event enip
0 app-layer-event dns
0 app-layer-event dnp3
0 app-layer-event dhcp
0 app-layer-event dcerpc
0 ack udp
0 ack tls
0 ack tftp
0 ack ssh
0 ack smtp
0 ack smb
0 ack pkthdr
0 ack ntp
0 ack nfs
0 ack msn
0 ack modbus
0 ack krb5
0 ack ipv6
0 ack ip
0 ack imap
0 ack ikev2
0 ack icmp
0 ack http
0 ack ftp-data
0 ack ftp
0 ack enip
0 ack dns
0 ack dnp3
0 ack dhcp
0 ack dcerpc
