This file contains any messages produced by compilers while
running configure, to aid debugging if configure makes a mistake.

It was created by LibHTP configure 0.5.30, which was
generated by GNU Autoconf 2.69.  Invocation command line was

  $ ./configure 

## --------- ##
## Platform. ##
## --------- ##

hostname = lucas-PC
uname -m = x86_64
uname -r = 4.15.0-29deepin-generic
uname -s = Linux
uname -v = #31 SMP Fri Jul 27 07:12:08 UTC 2018

/usr/bin/uname -p = unknown
/bin/uname -X     = unknown

/bin/arch              = unknown
/usr/bin/arch -k       = unknown
/usr/convex/getsysinfo = unknown
/usr/bin/hostinfo      = unknown
/bin/machine           = unknown
/usr/bin/oslevel       = unknown
/bin/universe          = unknown

PATH: /usr/local/sbin
PATH: /usr/local/bin
PATH: /usr/sbin
PATH: /usr/bin
PATH: /sbin
PATH: /bin


## ----------- ##
## Core tests. ##
## ----------- ##

configure:2421: checking for a BSD-compatible install
configure:2489: result: /usr/bin/install -c
configure:2500: checking whether build environment is sane
configure:2555: result: yes
configure:2706: checking for a thread-safe mkdir -p
configure:2745: result: /bin/mkdir -p
configure:2752: checking for gawk
configure:2768: found /usr/bin/gawk
configure:2779: result: gawk
configure:2790: checking whether make sets $(MAKE)
configure:2812: result: yes
configure:2841: checking whether make supports nested variables
configure:2858: result: yes
configure:3118: checking for gcc
configure:3134: found /usr/bin/gcc
configure:3145: result: gcc
configure:3374: checking for C compiler version
configure:3383: gcc --version >&5
gcc (Debian 7.3.0-19) 7.3.0
Copyright (C) 2017 Free Software Foundation, Inc.
This is free software; see the source for copying conditions.  There is NO
warranty; not even for MERCHANTABILITY or FITNESS FOR A PARTICULAR PURPOSE.

configure:3394: $? = 0
configure:3383: gcc -v >&5
Using built-in specs.
COLLECT_GCC=gcc
COLLECT_LTO_WRAPPER=/usr/lib/gcc/x86_64-linux-gnu/7/lto-wrapper
OFFLOAD_TARGET_NAMES=nvptx-none
OFFLOAD_TARGET_DEFAULT=1
Target: x86_64-linux-gnu
Configured with: ../src/configure -v --with-pkgversion='Debian 7.3.0-19' --with-bugurl=file:///usr/share/doc/gcc-7/README.Bugs --enable-languages=c,ada,c++,go,brig,d,fortran,objc,obj-c++ --prefix=/usr --with-gcc-major-version-only --program-suffix=-7 --program-prefix=x86_64-linux-gnu- --enable-shared --enable-linker-build-id --libexecdir=/usr/lib --without-included-gettext --enable-threads=posix --libdir=/usr/lib --enable-nls --with-sysroot=/ --enable-clocale=gnu --enable-libstdcxx-debug --enable-libstdcxx-time=yes --with-default-libstdcxx-abi=new --enable-gnu-unique-object --disable-vtable-verify --enable-libmpx --enable-plugin --enable-default-pie --with-system-zlib --with-target-system-zlib --enable-objc-gc=auto --enable-multiarch --disable-werror --with-arch-32=i686 --with-abi=m64 --with-multilib-list=m32,m64,mx32 --enable-multilib --with-tune=generic --enable-offload-targets=nvptx-none --without-cuda-driver --enable-checking=release --build=x86_64-linux-gnu --host=x86_64-linux-gnu --target=x86_64-linux-gnu
Thread model: posix
gcc version 7.3.0 (Debian 7.3.0-19) 
configure:3394: $? = 0
configure:3383: gcc -V >&5
gcc: error: unrecognized command line option '-V'
gcc: fatal error: no input files
compilation terminated.
configure:3394: $? = 1
configure:3383: gcc -qversion >&5
gcc: error: unrecognized command line option '-qversion'; did you mean '--version'?
gcc: fatal error: no input files
compilation terminated.
configure:3394: $? = 1
configure:3414: checking whether the C compiler works
configure:3436: gcc  -O2  -O2  conftest.c  >&5
configure:3440: $? = 0
configure:3488: result: yes
configure:3491: checking for C compiler default output file name
configure:3493: result: a.out
configure:3499: checking for suffix of executables
configure:3506: gcc -o conftest  -O2  -O2  conftest.c  >&5
configure:3510: $? = 0
configure:3532: result: 
configure:3554: checking whether we are cross compiling
configure:3562: gcc -o conftest  -O2  -O2  conftest.c  >&5
configure:3566: $? = 0
configure:3573: ./conftest
configure:3577: $? = 0
configure:3592: result: no
configure:3597: checking for suffix of object files
configure:3619: gcc -c  -O2  -O2 conftest.c >&5
configure:3623: $? = 0
configure:3644: result: o
configure:3648: checking whether we are using the GNU C compiler
configure:3667: gcc -c  -O2  -O2 conftest.c >&5
configure:3667: $? = 0
configure:3676: result: yes
configure:3685: checking whether gcc accepts -g
configure:3705: gcc -c -g  -O2 conftest.c >&5
configure:3705: $? = 0
configure:3746: result: yes
configure:3763: checking for gcc option to accept ISO C89
configure:3826: gcc  -c  -O2  -O2 conftest.c >&5
configure:3826: $? = 0
configure:3839: result: none needed
configure:3864: checking whether gcc understands -c and -o together
configure:3886: gcc -c conftest.c -o conftest2.o
configure:3889: $? = 0
configure:3886: gcc -c conftest.c -o conftest2.o
configure:3889: $? = 0
configure:3901: result: yes
configure:3929: checking for style of include used by make
configure:3957: result: GNU
configure:3983: checking dependency style of gcc
configure:4094: result: gcc3
configure:4168: checking for g++
configure:4184: found /usr/bin/g++
configure:4195: result: g++
configure:4222: checking for C++ compiler version
configure:4231: g++ --version >&5
g++ (Debian 7.3.0-19) 7.3.0
Copyright (C) 2017 Free Software Foundation, Inc.
This is free software; see the source for copying conditions.  There is NO
warranty; not even for MERCHANTABILITY or FITNESS FOR A PARTICULAR PURPOSE.

configure:4242: $? = 0
configure:4231: g++ -v >&5
Using built-in specs.
COLLECT_GCC=g++
COLLECT_LTO_WRAPPER=/usr/lib/gcc/x86_64-linux-gnu/7/lto-wrapper
OFFLOAD_TARGET_NAMES=nvptx-none
OFFLOAD_TARGET_DEFAULT=1
Target: x86_64-linux-gnu
Configured with: ../src/configure -v --with-pkgversion='Debian 7.3.0-19' --with-bugurl=file:///usr/share/doc/gcc-7/README.Bugs --enable-languages=c,ada,c++,go,brig,d,fortran,objc,obj-c++ --prefix=/usr --with-gcc-major-version-only --program-suffix=-7 --program-prefix=x86_64-linux-gnu- --enable-shared --enable-linker-build-id --libexecdir=/usr/lib --without-included-gettext --enable-threads=posix --libdir=/usr/lib --enable-nls --with-sysroot=/ --enable-clocale=gnu --enable-libstdcxx-debug --enable-libstdcxx-time=yes --with-default-libstdcxx-abi=new --enable-gnu-unique-object --disable-vtable-verify --enable-libmpx --enable-plugin --enable-default-pie --with-system-zlib --with-target-system-zlib --enable-objc-gc=auto --enable-multiarch --disable-werror --with-arch-32=i686 --with-abi=m64 --with-multilib-list=m32,m64,mx32 --enable-multilib --with-tune=generic --enable-offload-targets=nvptx-none --without-cuda-driver --enable-checking=release --build=x86_64-linux-gnu --host=x86_64-linux-gnu --target=x86_64-linux-gnu
Thread model: posix
gcc version 7.3.0 (Debian 7.3.0-19) 
configure:4242: $? = 0
configure:4231: g++ -V >&5
g++: error: unrecognized command line option '-V'
g++: fatal error: no input files
compilation terminated.
configure:4242: $? = 1
configure:4231: g++ -qversion >&5
g++: error: unrecognized command line option '-qversion'; did you mean '--version'?
g++: fatal error: no input files
compilation terminated.
configure:4242: $? = 1
configure:4246: checking whether we are using the GNU C++ compiler
configure:4265: g++ -c   -O2 conftest.cpp >&5
configure:4265: $? = 0
configure:4274: result: yes
configure:4283: checking whether g++ accepts -g
configure:4303: g++ -c -g  -O2 conftest.cpp >&5
configure:4303: $? = 0
configure:4344: result: yes
configure:4369: checking dependency style of g++
configure:4480: result: gcc3
configure:4524: checking build system type
configure:4538: result: x86_64-pc-linux-gnu
configure:4558: checking host system type
configure:4571: result: x86_64-pc-linux-gnu
configure:4612: checking how to print strings
configure:4639: result: printf
configure:4660: checking for a sed that does not truncate output
configure:4724: result: /bin/sed
configure:4742: checking for grep that handles long lines and -e
configure:4800: result: /bin/grep
configure:4805: checking for egrep
configure:4867: result: /bin/grep -E
configure:4872: checking for fgrep
configure:4934: result: /bin/grep -F
configure:4969: checking for ld used by gcc
configure:5036: result: /usr/bin/ld
configure:5043: checking if the linker (/usr/bin/ld) is GNU ld
configure:5058: result: yes
configure:5070: checking for BSD- or MS-compatible name lister (nm)
configure:5124: result: /usr/bin/nm -B
configure:5254: checking the name lister (/usr/bin/nm -B) interface
configure:5261: gcc -c  -O2  -O2 conftest.c >&5
configure:5264: /usr/bin/nm -B "conftest.o"
configure:5267: output
0000000000000000 B some_variable
configure:5274: result: BSD nm
configure:5277: checking whether ln -s works
configure:5281: result: yes
configure:5289: checking the maximum length of command line arguments
configure:5420: result: 1572864
configure:5468: checking how to convert x86_64-pc-linux-gnu file names to x86_64-pc-linux-gnu format
configure:5508: result: func_convert_file_noop
configure:5515: checking how to convert x86_64-pc-linux-gnu file names to toolchain format
configure:5535: result: func_convert_file_noop
configure:5542: checking for /usr/bin/ld option to reload object files
configure:5549: result: -r
configure:5623: checking for objdump
configure:5639: found /usr/bin/objdump
configure:5650: result: objdump
configure:5682: checking how to recognize dependent libraries
configure:5882: result: pass_all
configure:5967: checking for dlltool
configure:5997: result: no
configure:6027: checking how to associate runtime and link libraries
configure:6054: result: printf %s\n
configure:6115: checking for ar
configure:6131: found /usr/bin/ar
configure:6142: result: ar
configure:6179: checking for archiver @FILE support
configure:6196: gcc -c  -O2  -O2 conftest.c >&5
configure:6196: $? = 0
configure:6199: ar cru libconftest.a @conftest.lst >&5
ar: `u' modifier ignored since `D' is the default (see `U')
configure:6202: $? = 0
configure:6207: ar cru libconftest.a @conftest.lst >&5
ar: `u' modifier ignored since `D' is the default (see `U')
ar: conftest.o: No such file or directory
configure:6210: $? = 1
configure:6222: result: @
configure:6280: checking for strip
configure:6296: found /usr/bin/strip
configure:6307: result: strip
configure:6379: checking for ranlib
configure:6395: found /usr/bin/ranlib
configure:6406: result: ranlib
configure:6508: checking command to parse /usr/bin/nm -B output from gcc object
configure:6661: gcc -c  -O2  -O2 conftest.c >&5
configure:6664: $? = 0
configure:6668: /usr/bin/nm -B conftest.o \| sed -n -e 's/^.*[ ]\([ABCDGIRSTW][ABCDGIRSTW]*\)[ ][ ]*\([_A-Za-z][_A-Za-z0-9]*\)$/\1 \2 \2/p' | sed '/ __gnu_lto/d' \> conftest.nm
configure:6671: $? = 0
configure:6737: gcc -o conftest  -O2  -O2  conftest.c conftstm.o >&5
configure:6740: $? = 0
configure:6778: result: ok
configure:6825: checking for sysroot
configure:6855: result: no
configure:6862: checking for a working dd
configure:6900: result: /bin/dd
configure:6904: checking how to truncate binary pipes
configure:6919: result: /bin/dd bs=4096 count=1
configure:7055: gcc -c  -O2  -O2 conftest.c >&5
configure:7058: $? = 0
configure:7248: checking for mt
configure:7264: found /bin/mt
configure:7275: result: mt
configure:7298: checking if mt is a manifest tool
configure:7304: mt '-?'
configure:7312: result: no
configure:7989: checking how to run the C preprocessor
configure:8020: gcc -E  -O2 conftest.c
configure:8020: $? = 0
configure:8034: gcc -E  -O2 conftest.c
conftest.c:11:10: fatal error: ac_nonexistent.h: No such file or directory
 #include <ac_nonexistent.h>
          ^~~~~~~~~~~~~~~~~~
compilation terminated.
configure:8034: $? = 1
configure: failed program was:
| /* confdefs.h */
| #define PACKAGE_NAME "LibHTP"
| #define PACKAGE_TARNAME "libhtp"
| #define PACKAGE_VERSION "0.5.30"
| #define PACKAGE_STRING "LibHTP 0.5.30"
| #define PACKAGE_BUGREPORT ""
| #define PACKAGE_URL ""
| #define PACKAGE "libhtp"
| #define VERSION "0.5.30"
| /* end confdefs.h.  */
| #include <ac_nonexistent.h>
configure:8059: result: gcc -E
configure:8079: gcc -E  -O2 conftest.c
configure:8079: $? = 0
configure:8093: gcc -E  -O2 conftest.c
conftest.c:11:10: fatal error: ac_nonexistent.h: No such file or directory
 #include <ac_nonexistent.h>
          ^~~~~~~~~~~~~~~~~~
compilation terminated.
configure:8093: $? = 1
configure: failed program was:
| /* confdefs.h */
| #define PACKAGE_NAME "LibHTP"
| #define PACKAGE_TARNAME "libhtp"
| #define PACKAGE_VERSION "0.5.30"
| #define PACKAGE_STRING "LibHTP 0.5.30"
| #define PACKAGE_BUGREPORT ""
| #define PACKAGE_URL ""
| #define PACKAGE "libhtp"
| #define VERSION "0.5.30"
| /* end confdefs.h.  */
| #include <ac_nonexistent.h>
configure:8122: checking for ANSI C header files
configure:8142: gcc -c  -O2  -O2 conftest.c >&5
configure:8142: $? = 0
configure:8215: gcc -o conftest  -O2  -O2  conftest.c  >&5
configure:8215: $? = 0
configure:8215: ./conftest
configure:8215: $? = 0
configure:8226: result: yes
configure:8239: checking for sys/types.h
configure:8239: gcc -c  -O2  -O2 conftest.c >&5
configure:8239: $? = 0
configure:8239: result: yes
configure:8239: checking for sys/stat.h
configure:8239: gcc -c  -O2  -O2 conftest.c >&5
configure:8239: $? = 0
configure:8239: result: yes
configure:8239: checking for stdlib.h
configure:8239: gcc -c  -O2  -O2 conftest.c >&5
configure:8239: $? = 0
configure:8239: result: yes
configure:8239: checking for string.h
configure:8239: gcc -c  -O2  -O2 conftest.c >&5
configure:8239: $? = 0
configure:8239: result: yes
configure:8239: checking for memory.h
configure:8239: gcc -c  -O2  -O2 conftest.c >&5
configure:8239: $? = 0
configure:8239: result: yes
configure:8239: checking for strings.h
configure:8239: gcc -c  -O2  -O2 conftest.c >&5
configure:8239: $? = 0
configure:8239: result: yes
configure:8239: checking for inttypes.h
configure:8239: gcc -c  -O2  -O2 conftest.c >&5
configure:8239: $? = 0
configure:8239: result: yes
configure:8239: checking for stdint.h
configure:8239: gcc -c  -O2  -O2 conftest.c >&5
configure:8239: $? = 0
configure:8239: result: yes
configure:8239: checking for unistd.h
configure:8239: gcc -c  -O2  -O2 conftest.c >&5
configure:8239: $? = 0
configure:8239: result: yes
configure:8253: checking for dlfcn.h
configure:8253: gcc -c  -O2  -O2 conftest.c >&5
configure:8253: $? = 0
configure:8253: result: yes
configure:8520: checking for objdir
configure:8535: result: .libs
configure:8799: checking if gcc supports -fno-rtti -fno-exceptions
configure:8817: gcc -c  -O2  -O2 -fno-rtti -fno-exceptions conftest.c >&5
cc1: warning: command line option '-fno-rtti' is valid for C++/ObjC++ but not for C
configure:8821: $? = 0
configure:8834: result: no
configure:9192: checking for gcc option to produce PIC
configure:9199: result: -fPIC -DPIC
configure:9207: checking if gcc PIC flag -fPIC -DPIC works
configure:9225: gcc -c  -O2  -O2 -fPIC -DPIC -DPIC conftest.c >&5
configure:9229: $? = 0
configure:9242: result: yes
configure:9271: checking if gcc static flag -static works
configure:9299: result: yes
configure:9314: checking if gcc supports -c -o file.o
configure:9335: gcc -c  -O2  -O2 -o out/conftest2.o conftest.c >&5
configure:9339: $? = 0
configure:9361: result: yes
configure:9369: checking if gcc supports -c -o file.o
configure:9416: result: yes
configure:9449: checking whether the gcc linker (/usr/bin/ld -m elf_x86_64) supports shared libraries
configure:10712: result: yes
configure:10749: checking whether -lc should be explicitly linked in
configure:10757: gcc -c  -O2  -O2 conftest.c >&5
configure:10760: $? = 0
configure:10775: gcc -shared  -fPIC -DPIC conftest.o  -v -Wl,-soname -Wl,conftest -o conftest 2\>\&1 \| /bin/grep  -lc  \>/dev/null 2\>\&1
configure:10778: $? = 0
configure:10792: result: no
configure:10952: checking dynamic linker characteristics
configure:11533: gcc -o conftest  -O2  -O2  -Wl,-rpath -Wl,/foo conftest.c  >&5
configure:11533: $? = 0
configure:11782: result: GNU/Linux ld.so
configure:11904: checking how to hardcode library paths into programs
configure:11929: result: immediate
configure:12477: checking whether stripping libraries is possible
configure:12482: result: yes
configure:12517: checking if libtool supports shared libraries
configure:12519: result: yes
configure:12522: checking whether to build shared libraries
configure:12547: result: yes
configure:12550: checking whether to build static libraries
configure:12554: result: yes
configure:12577: checking how to run the C++ preprocessor
configure:12604: g++ -E  -O2 conftest.cpp
configure:12604: $? = 0
configure:12618: g++ -E  -O2 conftest.cpp
conftest.cpp:23:10: fatal error: ac_nonexistent.h: No such file or directory
 #include <ac_nonexistent.h>
          ^~~~~~~~~~~~~~~~~~
compilation terminated.
configure:12618: $? = 1
configure: failed program was:
| /* confdefs.h */
| #define PACKAGE_NAME "LibHTP"
| #define PACKAGE_TARNAME "libhtp"
| #define PACKAGE_VERSION "0.5.30"
| #define PACKAGE_STRING "LibHTP 0.5.30"
| #define PACKAGE_BUGREPORT ""
| #define PACKAGE_URL ""
| #define PACKAGE "libhtp"
| #define VERSION "0.5.30"
| #define STDC_HEADERS 1
| #define HAVE_SYS_TYPES_H 1
| #define HAVE_SYS_STAT_H 1
| #define HAVE_STDLIB_H 1
| #define HAVE_STRING_H 1
| #define HAVE_MEMORY_H 1
| #define HAVE_STRINGS_H 1
| #define HAVE_INTTYPES_H 1
| #define HAVE_STDINT_H 1
| #define HAVE_UNISTD_H 1
| #define HAVE_DLFCN_H 1
| #define LT_OBJDIR ".libs/"
| /* end confdefs.h.  */
| #include <ac_nonexistent.h>
configure:12643: result: g++ -E
configure:12663: g++ -E  -O2 conftest.cpp
configure:12663: $? = 0
configure:12677: g++ -E  -O2 conftest.cpp
conftest.cpp:23:10: fatal error: ac_nonexistent.h: No such file or directory
 #include <ac_nonexistent.h>
          ^~~~~~~~~~~~~~~~~~
compilation terminated.
configure:12677: $? = 1
configure: failed program was:
| /* confdefs.h */
| #define PACKAGE_NAME "LibHTP"
| #define PACKAGE_TARNAME "libhtp"
| #define PACKAGE_VERSION "0.5.30"
| #define PACKAGE_STRING "LibHTP 0.5.30"
| #define PACKAGE_BUGREPORT ""
| #define PACKAGE_URL ""
| #define PACKAGE "libhtp"
| #define VERSION "0.5.30"
| #define STDC_HEADERS 1
| #define HAVE_SYS_TYPES_H 1
| #define HAVE_SYS_STAT_H 1
| #define HAVE_STDLIB_H 1
| #define HAVE_STRING_H 1
| #define HAVE_MEMORY_H 1
| #define HAVE_STRINGS_H 1
| #define HAVE_INTTYPES_H 1
| #define HAVE_STDINT_H 1
| #define HAVE_UNISTD_H 1
| #define HAVE_DLFCN_H 1
| #define LT_OBJDIR ".libs/"
| /* end confdefs.h.  */
| #include <ac_nonexistent.h>
configure:12839: checking for ld used by g++
configure:12906: result: /usr/bin/ld -m elf_x86_64
configure:12913: checking if the linker (/usr/bin/ld -m elf_x86_64) is GNU ld
configure:12928: result: yes
configure:12983: checking whether the g++ linker (/usr/bin/ld -m elf_x86_64) supports shared libraries
configure:14056: result: yes
configure:14092: g++ -c -g -O2  -O2 conftest.cpp >&5
configure:14095: $? = 0
configure:14576: checking for g++ option to produce PIC
configure:14583: result: -fPIC -DPIC
configure:14591: checking if g++ PIC flag -fPIC -DPIC works
configure:14609: g++ -c -g -O2  -O2 -fPIC -DPIC -DPIC conftest.cpp >&5
configure:14613: $? = 0
configure:14626: result: yes
configure:14649: checking if g++ static flag -static works
configure:14677: result: yes
configure:14689: checking if g++ supports -c -o file.o
configure:14710: g++ -c -g -O2  -O2 -o out/conftest2.o conftest.cpp >&5
configure:14714: $? = 0
configure:14736: result: yes
configure:14741: checking if g++ supports -c -o file.o
configure:14788: result: yes
configure:14818: checking whether the g++ linker (/usr/bin/ld -m elf_x86_64) supports shared libraries
configure:14861: result: yes
configure:15002: checking dynamic linker characteristics
configure:15759: result: GNU/Linux ld.so
configure:15824: checking how to hardcode library paths into programs
configure:15849: result: immediate
configure:15910: checking whether build environment is sane
configure:15965: result: yes
configure:15985: checking for strlcpy
configure:15985: gcc -o conftest   -O2  conftest.c  >&5
/tmp/cc2cSc5k.o: In function `main':
conftest.c:(.text.startup+0x7): undefined reference to `strlcpy'
collect2: error: ld returned 1 exit status
configure:15985: $? = 1
configure: failed program was:
| /* confdefs.h */
| #define PACKAGE_NAME "LibHTP"
| #define PACKAGE_TARNAME "libhtp"
| #define PACKAGE_VERSION "0.5.30"
| #define PACKAGE_STRING "LibHTP 0.5.30"
| #define PACKAGE_BUGREPORT ""
| #define PACKAGE_URL ""
| #define PACKAGE "libhtp"
| #define VERSION "0.5.30"
| #define STDC_HEADERS 1
| #define HAVE_SYS_TYPES_H 1
| #define HAVE_SYS_STAT_H 1
| #define HAVE_STDLIB_H 1
| #define HAVE_STRING_H 1
| #define HAVE_MEMORY_H 1
| #define HAVE_STRINGS_H 1
| #define HAVE_INTTYPES_H 1
| #define HAVE_STDINT_H 1
| #define HAVE_UNISTD_H 1
| #define HAVE_DLFCN_H 1
| #define LT_OBJDIR ".libs/"
| /* end confdefs.h.  */
| /* Define strlcpy to an innocuous variant, in case <limits.h> declares strlcpy.
|    For example, HP-UX 11i <limits.h> declares gettimeofday.  */
| #define strlcpy innocuous_strlcpy
| 
| /* System header to define __stub macros and hopefully few prototypes,
|     which can conflict with char strlcpy (); below.
|     Prefer <limits.h> to <assert.h> if __STDC__ is defined, since
|     <limits.h> exists even on freestanding compilers.  */
| 
| #ifdef __STDC__
| # include <limits.h>
| #else
| # include <assert.h>
| #endif
| 
| #undef strlcpy
| 
| /* Override any GCC internal prototype to avoid an error.
|    Use char because int might match the return type of a GCC
|    builtin and then its argument prototype would still apply.  */
| #ifdef __cplusplus
| extern "C"
| #endif
| char strlcpy ();
| /* The GNU C library defines this for functions which it implements
|     to always fail with ENOSYS.  Some functions are actually named
|     something starting with __ and the normal name is an alias.  */
| #if defined __stub_strlcpy || defined __stub___strlcpy
| choke me
| #endif
| 
| int
| main ()
| {
| return strlcpy ();
|   ;
|   return 0;
| }
configure:15985: result: no
configure:15985: checking for strlcat
configure:15985: gcc -o conftest   -O2  conftest.c  >&5
/tmp/ccgGoGkr.o: In function `main':
conftest.c:(.text.startup+0x7): undefined reference to `strlcat'
collect2: error: ld returned 1 exit status
configure:15985: $? = 1
configure: failed program was:
| /* confdefs.h */
| #define PACKAGE_NAME "LibHTP"
| #define PACKAGE_TARNAME "libhtp"
| #define PACKAGE_VERSION "0.5.30"
| #define PACKAGE_STRING "LibHTP 0.5.30"
| #define PACKAGE_BUGREPORT ""
| #define PACKAGE_URL ""
| #define PACKAGE "libhtp"
| #define VERSION "0.5.30"
| #define STDC_HEADERS 1
| #define HAVE_SYS_TYPES_H 1
| #define HAVE_SYS_STAT_H 1
| #define HAVE_STDLIB_H 1
| #define HAVE_STRING_H 1
| #define HAVE_MEMORY_H 1
| #define HAVE_STRINGS_H 1
| #define HAVE_INTTYPES_H 1
| #define HAVE_STDINT_H 1
| #define HAVE_UNISTD_H 1
| #define HAVE_DLFCN_H 1
| #define LT_OBJDIR ".libs/"
| /* end confdefs.h.  */
| /* Define strlcat to an innocuous variant, in case <limits.h> declares strlcat.
|    For example, HP-UX 11i <limits.h> declares gettimeofday.  */
| #define strlcat innocuous_strlcat
| 
| /* System header to define __stub macros and hopefully few prototypes,
|     which can conflict with char strlcat (); below.
|     Prefer <limits.h> to <assert.h> if __STDC__ is defined, since
|     <limits.h> exists even on freestanding compilers.  */
| 
| #ifdef __STDC__
| # include <limits.h>
| #else
| # include <assert.h>
| #endif
| 
| #undef strlcat
| 
| /* Override any GCC internal prototype to avoid an error.
|    Use char because int might match the return type of a GCC
|    builtin and then its argument prototype would still apply.  */
| #ifdef __cplusplus
| extern "C"
| #endif
| char strlcat ();
| /* The GNU C library defines this for functions which it implements
|     to always fail with ENOSYS.  Some functions are actually named
|     something starting with __ and the normal name is an alias.  */
| #if defined __stub_strlcat || defined __stub___strlcat
| choke me
| #endif
| 
| int
| main ()
| {
| return strlcat ();
|   ;
|   return 0;
| }
configure:15985: result: no
configure:15996: checking zlib.h usability
configure:15996: gcc -c  -O2  -O2 conftest.c >&5
configure:15996: $? = 0
configure:15996: result: yes
configure:15996: checking zlib.h presence
configure:15996: gcc -E  -O2 conftest.c
configure:15996: $? = 0
configure:15996: result: yes
configure:15996: checking for zlib.h
configure:15996: result: yes
configure:16005: checking for inflate in -lz
configure:16030: gcc -o conftest  -O2  -O2  conftest.c -lz   >&5
configure:16030: $? = 0
configure:16039: result: yes
configure:16060: checking OS
configure:16097: result: Linux
configure:16196: checking for ld used by GCC
configure:16260: result: /usr/bin/ld -m elf_x86_64
configure:16267: checking if the linker (/usr/bin/ld -m elf_x86_64) is GNU ld
configure:16280: result: yes
configure:16287: checking for shared library run path origin
configure:16300: result: done
configure:16878: checking for iconv
configure:16900: gcc -o conftest  -O2  -O2  conftest.c -lz  >&5
configure:16900: $? = 0
configure:16932: result: yes
configure:16935: checking for working iconv
configure:17030: gcc -o conftest  -O2  -O2  conftest.c -lz  >&5
configure:17030: $? = 0
configure:17030: ./conftest
configure:17030: $? = 0
configure:17042: result: yes
configure:17070: checking for iconv declaration
configure:17099: gcc -c  -O2  -O2 conftest.c >&5
configure:17099: $? = 0
configure:17110: result:
         extern size_t iconv (iconv_t cd, char * *inbuf, size_t *inbytesleft, char * *outbuf, size_t *outbytesleft);
configure:17122: checking for gcc support of -Wstrict-overflow=1
configure:17137: gcc -c  -O2 -Wstrict-overflow=1  -O2 conftest.c >&5
configure:17137: $? = 0
configure:17143: result: yes
configure:17150: checking for gcc support of stack smashing protection
configure:17165: gcc -c  -O2 -Wstrict-overflow=1 -fstack-protector  -O2 conftest.c >&5
configure:17165: $? = 0
configure:17171: result: yes
configure:17178: checking for gcc support of FORTIFY_SOURCE
configure:17193: gcc -c  -O2 -Wstrict-overflow=1 -fstack-protector -D_FORTIFY_SOURCE=2  -O2 conftest.c >&5
configure:17193: $? = 0
configure:17199: result: yes
configure:17205: checking for gcc support of -Wformat -Wformat-security
configure:17220: gcc -c  -O2 -Wstrict-overflow=1 -fstack-protector -D_FORTIFY_SOURCE=2 -Wformat -Wformat-security  -O2 conftest.c >&5
configure:17220: $? = 0
configure:17226: result: yes
configure:17232: checking for gcc support of -fPIC
configure:17247: gcc -c  -O2 -Wstrict-overflow=1 -fstack-protector -D_FORTIFY_SOURCE=2 -Wformat -Wformat-security -fPIC  -O2 conftest.c >&5
configure:17247: $? = 0
configure:17253: result: yes
configure:17276: checking for doxygen
configure:17309: result: no
configure:17324: checking for lcov
configure:17355: result: no
configure:17479: checking that generated files are newer than configure
configure:17485: result: done
configure:17507: checking that generated files are newer than configure
configure:17513: result: done
configure:17520: creating ./config.status

## ---------------------- ##
## Running config.status. ##
## ---------------------- ##

This file was extended by LibHTP config.status 0.5.30, which was
generated by GNU Autoconf 2.69.  Invocation command line was

  CONFIG_FILES    = 
  CONFIG_HEADERS  = 
  CONFIG_LINKS    = 
  CONFIG_COMMANDS = 
  $ ./config.status 

on lucas-PC

config.status:1164: creating htp/htp_version.h
config.status:1164: creating Makefile
config.status:1164: creating htp.pc
config.status:1164: creating htp/Makefile
config.status:1164: creating test/Makefile
config.status:1164: creating docs/Makefile
config.status:1164: creating htp_config_auto_gen.h
config.status:1345: htp_config_auto_gen.h is unchanged
config.status:1393: executing depfiles commands
config.status:1393: executing libtool commands

## ---------------- ##
## Cache variables. ##
## ---------------- ##

ac_cv_build=x86_64-pc-linux-gnu
ac_cv_c_compiler_gnu=yes
ac_cv_cxx_compiler_gnu=yes
ac_cv_env_CCC_set=
ac_cv_env_CCC_value=
ac_cv_env_CC_set=
ac_cv_env_CC_value=
ac_cv_env_CFLAGS_set=
ac_cv_env_CFLAGS_value=
ac_cv_env_CPPFLAGS_set=
ac_cv_env_CPPFLAGS_value=
ac_cv_env_CPP_set=
ac_cv_env_CPP_value=
ac_cv_env_CXXCPP_set=
ac_cv_env_CXXCPP_value=
ac_cv_env_CXXFLAGS_set=
ac_cv_env_CXXFLAGS_value=
ac_cv_env_CXX_set=
ac_cv_env_CXX_value=
ac_cv_env_LDFLAGS_set=
ac_cv_env_LDFLAGS_value=
ac_cv_env_LIBS_set=
ac_cv_env_LIBS_value=
ac_cv_env_LT_SYS_LIBRARY_PATH_set=
ac_cv_env_LT_SYS_LIBRARY_PATH_value=
ac_cv_env_build_alias_set=
ac_cv_env_build_alias_value=
ac_cv_env_host_alias_set=
ac_cv_env_host_alias_value=
ac_cv_env_target_alias_set=
ac_cv_env_target_alias_value=
ac_cv_func_strlcat=no
ac_cv_func_strlcpy=no
ac_cv_header_dlfcn_h=yes
ac_cv_header_inttypes_h=yes
ac_cv_header_memory_h=yes
ac_cv_header_stdc=yes
ac_cv_header_stdint_h=yes
ac_cv_header_stdlib_h=yes
ac_cv_header_string_h=yes
ac_cv_header_strings_h=yes
ac_cv_header_sys_stat_h=yes
ac_cv_header_sys_types_h=yes
ac_cv_header_unistd_h=yes
ac_cv_header_zlib_h=yes
ac_cv_host=x86_64-pc-linux-gnu
ac_cv_lib_z_inflate=yes
ac_cv_objext=o
ac_cv_path_EGREP='/bin/grep -E'
ac_cv_path_FGREP='/bin/grep -F'
ac_cv_path_GREP=/bin/grep
ac_cv_path_LCOV=no
ac_cv_path_SED=/bin/sed
ac_cv_path_install='/usr/bin/install -c'
ac_cv_path_lt_DD=/bin/dd
ac_cv_path_mkdir=/bin/mkdir
ac_cv_prog_AWK=gawk
ac_cv_prog_CPP='gcc -E'
ac_cv_prog_CXXCPP='g++ -E'
ac_cv_prog_ac_ct_AR=ar
ac_cv_prog_ac_ct_CC=gcc
ac_cv_prog_ac_ct_CXX=g++
ac_cv_prog_ac_ct_MANIFEST_TOOL=mt
ac_cv_prog_ac_ct_OBJDUMP=objdump
ac_cv_prog_ac_ct_RANLIB=ranlib
ac_cv_prog_ac_ct_STRIP=strip
ac_cv_prog_cc_c89=
ac_cv_prog_cc_g=yes
ac_cv_prog_cxx_g=yes
ac_cv_prog_make_make_set=yes
acl_cv_path_LD='/usr/bin/ld -m elf_x86_64'
acl_cv_prog_gnu_ld=yes
acl_cv_rpath=done
am_cv_CC_dependencies_compiler_type=gcc3
am_cv_CXX_dependencies_compiler_type=gcc3
am_cv_func_iconv=yes
am_cv_func_iconv_works=yes
am_cv_lib_iconv=no
am_cv_make_support_nested_variables=yes
am_cv_prog_cc_c_o=yes
am_cv_proto_iconv='extern size_t iconv (iconv_t cd, char * *inbuf, size_t *inbytesleft, char * *outbuf, size_t *outbytesleft);'
am_cv_proto_iconv_arg1=
lt_cv_ar_at_file=@
lt_cv_archive_cmds_need_lc=no
lt_cv_deplibs_check_method=pass_all
lt_cv_file_magic_cmd='$MAGIC_CMD'
lt_cv_file_magic_test_file=
lt_cv_ld_reload_flag=-r
lt_cv_nm_interface='BSD nm'
lt_cv_objdir=.libs
lt_cv_path_LD=/usr/bin/ld
lt_cv_path_LDCXX='/usr/bin/ld -m elf_x86_64'
lt_cv_path_NM='/usr/bin/nm -B'
lt_cv_path_mainfest_tool=no
lt_cv_prog_compiler_c_o=yes
lt_cv_prog_compiler_c_o_CXX=yes
lt_cv_prog_compiler_pic='-fPIC -DPIC'
lt_cv_prog_compiler_pic_CXX='-fPIC -DPIC'
lt_cv_prog_compiler_pic_works=yes
lt_cv_prog_compiler_pic_works_CXX=yes
lt_cv_prog_compiler_rtti_exceptions=no
lt_cv_prog_compiler_static_works=yes
lt_cv_prog_compiler_static_works_CXX=yes
lt_cv_prog_gnu_ld=yes
lt_cv_prog_gnu_ldcxx=yes
lt_cv_sharedlib_from_linklib_cmd='printf %s\n'
lt_cv_shlibpath_overrides_runpath=yes
lt_cv_sys_global_symbol_pipe='sed -n -e '\''s/^.*[	 ]\([ABCDGIRSTW][ABCDGIRSTW]*\)[	 ][	 ]*\([_A-Za-z][_A-Za-z0-9]*\)$/\1 \2 \2/p'\'' | sed '\''/ __gnu_lto/d'\'''
lt_cv_sys_global_symbol_to_c_name_address='sed -n -e '\''s/^: \(.*\) .*$/  {"\1", (void *) 0},/p'\'' -e '\''s/^[ABCDGIRSTW][ABCDGIRSTW]* .* \(.*\)$/  {"\1", (void *) \&\1},/p'\'''
lt_cv_sys_global_symbol_to_c_name_address_lib_prefix='sed -n -e '\''s/^: \(.*\) .*$/  {"\1", (void *) 0},/p'\'' -e '\''s/^[ABCDGIRSTW][ABCDGIRSTW]* .* \(lib.*\)$/  {"\1", (void *) \&\1},/p'\'' -e '\''s/^[ABCDGIRSTW][ABCDGIRSTW]* .* \(.*\)$/  {"lib\1", (void *) \&\1},/p'\'''
lt_cv_sys_global_symbol_to_cdecl='sed -n -e '\''s/^T .* \(.*\)$/extern int \1();/p'\'' -e '\''s/^[ABCDGIRSTW][ABCDGIRSTW]* .* \(.*\)$/extern char \1;/p'\'''
lt_cv_sys_global_symbol_to_import=
lt_cv_sys_max_cmd_len=1572864
lt_cv_to_host_file_cmd=func_convert_file_noop
lt_cv_to_tool_file_cmd=func_convert_file_noop
lt_cv_truncate_bin='/bin/dd bs=4096 count=1'

## ----------------- ##
## Output variables. ##
## ----------------- ##

ACLOCAL='${SHELL} /home/lucas/Documents/Repositórios/GitHub/nids-rule-learner/suricata/libhtp/missing aclocal-1.15'
AMDEPBACKSLASH='\'
AMDEP_FALSE='#'
AMDEP_TRUE=''
AMTAR='$${TAR-tar}'
AM_BACKSLASH='\'
AM_DEFAULT_V='$(AM_DEFAULT_VERBOSITY)'
AM_DEFAULT_VERBOSITY='1'
AM_V='$(V)'
AR='ar'
AUTOCONF='${SHELL} /home/lucas/Documents/Repositórios/GitHub/nids-rule-learner/suricata/libhtp/missing autoconf'
AUTOHEADER='${SHELL} /home/lucas/Documents/Repositórios/GitHub/nids-rule-learner/suricata/libhtp/missing autoheader'
AUTOMAKE='${SHELL} /home/lucas/Documents/Repositórios/GitHub/nids-rule-learner/suricata/libhtp/missing automake-1.15'
AWK='gawk'
CC='gcc'
CCDEPMODE='depmode=gcc3'
CFLAGS=' -O2 -Wstrict-overflow=1 -fstack-protector -D_FORTIFY_SOURCE=2 -Wformat -Wformat-security -fPIC'
CPP='gcc -E'
CPPFLAGS=' -O2'
CXX='g++'
CXXCPP='g++ -E'
CXXDEPMODE='depmode=gcc3'
CXXFLAGS='-g -O2'
CYGPATH_W='echo'
DEFS='-DHAVE_CONFIG_H'
DEPDIR='.deps'
DLLTOOL='false'
DOXYGEN=''
DSYMUTIL=''
DUMPBIN=''
ECHO_C=''
ECHO_N='-n'
ECHO_T=''
EGREP='/bin/grep -E'
EXEEXT=''
FGREP='/bin/grep -F'
GENERIC_LIBRARY_NAME='htp'
GENERIC_LIBRARY_VERSION='2:0:0'
GENERIC_RELEASE='0.5.30'
GENERIC_VERSION='0.5.30'
GREP='/bin/grep'
INSTALL_DATA='${INSTALL} -m 644'
INSTALL_PROGRAM='${INSTALL}'
INSTALL_SCRIPT='${INSTALL}'
INSTALL_STRIP_PROGRAM='$(install_sh) -c -s'
LCOV='no'
LD='/usr/bin/ld -m elf_x86_64'
LDFLAGS=''
LIBICONV=''
LIBOBJS=''
LIBS='-lz '
LIBTOOL='$(SHELL) $(top_builddir)/libtool'
LIPO=''
LN_S='ln -s'
LTLIBICONV=''
LTLIBOBJS=''
LT_SYS_LIBRARY_PATH=''
MAKEINFO='${SHELL} /home/lucas/Documents/Repositórios/GitHub/nids-rule-learner/suricata/libhtp/missing makeinfo'
MANIFEST_TOOL=':'
MKDIR_P='/bin/mkdir -p'
NM='/usr/bin/nm -B'
NMEDIT=''
OBJDUMP='objdump'
OBJEXT='o'
OTOOL64=''
OTOOL=''
PACKAGE='htp'
PACKAGE_BUGREPORT=''
PACKAGE_NAME='LibHTP'
PACKAGE_STRING='LibHTP 0.5.30'
PACKAGE_TARNAME='libhtp'
PACKAGE_URL=''
PACKAGE_VERSION='0.5.30'
PATH_SEPARATOR=':'
RANLIB='ranlib'
SED='/bin/sed'
SET_MAKE=''
SHELL='/bin/bash'
STRIP='strip'
VERSION='0.5.30'
ac_ct_AR='ar'
ac_ct_CC='gcc'
ac_ct_CXX='g++'
ac_ct_DUMPBIN=''
am__EXEEXT_FALSE=''
am__EXEEXT_TRUE='#'
am__fastdepCC_FALSE='#'
am__fastdepCC_TRUE=''
am__fastdepCXX_FALSE='#'
am__fastdepCXX_TRUE=''
am__include='include'
am__isrc=''
am__leading_dot='.'
am__nodep='_no'
am__quote=''
am__tar='$${TAR-tar} chof - "$$tardir"'
am__untar='$${TAR-tar} xf -'
bindir='${exec_prefix}/bin'
build='x86_64-pc-linux-gnu'
build_alias=''
build_cpu='x86_64'
build_os='linux-gnu'
build_vendor='pc'
datadir='${datarootdir}'
datarootdir='${prefix}/share'
docdir='${datarootdir}/doc/${PACKAGE_TARNAME}'
doxygen=''
dvidir='${docdir}'
exec_prefix='${prefix}'
host='x86_64-pc-linux-gnu'
host_alias=''
host_cpu='x86_64'
host_os='linux-gnu'
host_vendor='pc'
htmldir='${docdir}'
includedir='${prefix}/include'
infodir='${datarootdir}/info'
install_sh='${SHELL} /home/lucas/Documents/Repositórios/GitHub/nids-rule-learner/suricata/libhtp/install-sh'
libdir='${exec_prefix}/lib'
libexecdir='${exec_prefix}/libexec'
localedir='${datarootdir}/locale'
localstatedir='${prefix}/var'
mandir='${datarootdir}/man'
mkdir_p='$(MKDIR_P)'
oldincludedir='/usr/include'
pdfdir='${docdir}'
prefix='/usr/local'
program_transform_name='s,x,x,'
psdir='${docdir}'
runstatedir='${localstatedir}/run'
sbindir='${exec_prefix}/sbin'
sharedstatedir='${prefix}/com'
sysconfdir='${prefix}/etc'
target_alias=''

## ----------- ##
## confdefs.h. ##
## ----------- ##

/* confdefs.h */
#define PACKAGE_NAME "LibHTP"
#define PACKAGE_TARNAME "libhtp"
#define PACKAGE_VERSION "0.5.30"
#define PACKAGE_STRING "LibHTP 0.5.30"
#define PACKAGE_BUGREPORT ""
#define PACKAGE_URL ""
#define PACKAGE "libhtp"
#define VERSION "0.5.30"
#define STDC_HEADERS 1
#define HAVE_SYS_TYPES_H 1
#define HAVE_SYS_STAT_H 1
#define HAVE_STDLIB_H 1
#define HAVE_STRING_H 1
#define HAVE_MEMORY_H 1
#define HAVE_STRINGS_H 1
#define HAVE_INTTYPES_H 1
#define HAVE_STDINT_H 1
#define HAVE_UNISTD_H 1
#define HAVE_DLFCN_H 1
#define LT_OBJDIR ".libs/"
#define HAVE_LIBZ 1
#define HAVE_ICONV 1
#define ICONV_CONST 

configure: exit 0
